#
# A fatal error has been detected by the Java Runtime Environment:
#
#  EXCEPTION_ACCESS_VIOLATION (0xc0000005) at pc=0x00007ffb4e0d8427, pid=6564, tid=26784
#
# JRE version: OpenJDK Runtime Environment (23.0+37) (build 23+37-2369)
# Java VM: OpenJDK 64-Bit Server VM (23+37-2369, mixed mode, sharing, tiered, compressed oops, compressed class ptrs, g1 gc, windows-amd64)
# Problematic frame:
# C  [glass.dll+0x28427]
#
# No core dump will be written. Minidumps are not enabled by default on client versions of Windows
#
# If you would like to submit a bug report, please visit:
#   https://bugreport.java.com/bugreport/crash.jsp
#

---------------  S U M M A R Y ------------

Command Line: -javaagent:C:\Program Files\JetBrains\IntelliJ IDEA 2024.2.3\lib\idea_rt.jar=64897:C:\Program Files\JetBrains\IntelliJ IDEA 2024.2.3\bin -Dfile.encoding=UTF-8 -Dsun.stdout.encoding=UTF-8 -Dsun.stderr.encoding=UTF-8 --module-path=C:\Users\pc\.m2\repository\com\gluonhq\attach\util\4.0.17\util-4.0.17.jar;C:\Users\pc\.m2\repository\com\github\almasb\fxgl-scene\17.3\fxgl-scene-17.3.jar;C:\Users\pc\.m2\repository\eu\hansolo\tilesfx\21.0.3\tilesfx-21.0.3.jar;C:\Users\pc\.m2\repository\com\gluonhq\attach\lifecycle\4.0.17\lifecycle-4.0.17.jar;C:\Users\pc\.m2\repository\org\kordamp\ikonli\ikonli-core\12.3.1\ikonli-core-12.3.1.jar;C:\Users\pc\.m2\repository\org\kordamp\bootstrapfx\bootstrapfx-core\0.4.0\bootstrapfx-core-0.4.0.jar;C:\Users\pc\.m2\repository\eu\hansolo\fx\heatmap\21.0.3\heatmap-21.0.3.jar;C:\Users\pc\.m2\repository\org\openjfx\javafx-media\23\javafx-media-23-win.jar;C:\Users\pc\.m2\repository\org\kordamp\ikonli\ikonli-javafx\12.3.1\ikonli-javafx-12.3.1.jar;C:\Users\pc\.m2\repository\com\fasterxml\jackson\core\jackson-annotations\2.14.2\jackson-annotations-2.14.2.jar;C:\Users\pc\.m2\repository\eu\hansolo\fx\countries\21.0.3\countries-21.0.3.jar;C:\Users\pc\.m2\repository\org\openjfx\javafx-graphics\23\javafx-graphics-23-win.jar;C:\Users\pc\.m2\repository\org\openjfx\javafx-base\23\javafx-base-23-win.jar;C:\Users\pc\.m2\repository\org\openjfx\javafx-swing\23\javafx-swing-23-win.jar;C:\Users\pc\.m2\repository\com\github\almasb\fxgl\17.3\fxgl-17.3.jar;C:\Users\pc\.m2\repository\eu\hansolo\toolbox\21.0.5\toolbox-21.0.5.jar;C:\Users\pc\.m2\repository\com\github\almasb\fxgl-gameplay\17.3\fxgl-gameplay-17.3.jar;C:\Users\pc\.m2\repository\org\openjfx\javafx-fxml\23\javafx-fxml-23-win.jar;C:\Users\pc\.m2\repository\com\gluonhq\attach\audio\4.0.17\audio-4.0.17.jar;C:\Users\pc\.m2\repository\com\github\almasb\fxgl-entity\17.3\fxgl-entity-17.3.jar;C:\Users\pc\.m2\repository\org\controlsfx\controlsfx\11.2.1\controlsfx-11.2.1.jar;C:\Users\pc\.m2\repository\org\jetbrains\kotlin\kotlin-stdlib\1.8.10\kotlin-stdlib-1.8.10.jar;C:\Users\pc\.m2\repository\com\github\almasb\fxgl-io\17.3\fxgl-io-17.3.jar;C:\Users\pc\.m2\repository\com\jfoenix\jfoenix\9.0.10\jfoenix-9.0.10.jar;C:\Users\pc\.m2\rep-Djdk.module.main=com.advaned_java.com_bptn_quiz_app com.advaned_java.com_bptn_quiz_app/com_bptn_quiz_app.Application

Host: 11th Gen Intel(R) Core(TM) i5-1135G7 @ 2.40GHz, 8 cores, 7G,  Windows 11 , 64 bit Build 22621 (10.0.22621.3672)
Time: Thu Oct 17 03:32:10 2024 Eastern Daylight Time elapsed time: 301.345432 seconds (0d 0h 5m 1s)

---------------  T H R E A D  ---------------

Current thread (0x0000028ad504e4c0):  VMThread "VM Thread"          [id=26784, stack(0x000000e708a00000,0x000000e708b00000) (1024K)]

Stack: [0x000000e708a00000,0x000000e708b00000],  sp=0x000000e708aff2b0,  free space=1020k
Native frames: (J=compiled Java code, j=interpreted, Vv=VM code, C=native code)
C  [glass.dll+0x28427]  (no source info available)
C  [ucrtbase.dll+0x53a93]  (no source info available)
C  [ucrtbase.dll+0x2042e]  (no source info available)
C  [ucrtbase.dll+0x1dddd]  (no source info available)
C  [glass.dll+0x25bbd]  (no source info available)
C  [glass.dll+0x25ce2]  (no source info available)
C  [ntdll.dll+0x28b7f]  (no source info available)
C  [ntdll.dll+0x51586]  (no source info available)
C  [ntdll.dll+0x5117d]  (no source info available)
C  [KERNEL32.DLL+0x17fab]  (no source info available)
C  [ucrtbase.dll+0x1bed8]  (no source info available)
C  [ucrtbase.dll+0x1c099]  (no source info available)
V  [jvm.dll+0x6d98fc]  (no source info available)
V  [jvm.dll+0x6d9430]  (no source info available)
V  [jvm.dll+0x3da534]  (no source info available)
V  [jvm.dll+0x886500]  (no source info available)
V  [jvm.dll+0x887827]  (no source info available)
V  [jvm.dll+0x887d58]  (no source info available)
V  [jvm.dll+0x887ff3]  (no source info available)
V  [jvm.dll+0x824f1b]  (no source info available)
V  [jvm.dll+0x6df055]  (no source info available)
C  [ucrtbase.dll+0x29333]  (no source info available)
C  [KERNEL32.DLL+0x1257d]  (no source info available)
C  [ntdll.dll+0x5af28]  (no source info available)


siginfo: EXCEPTION_ACCESS_VIOLATION (0xc0000005), reading address 0x0000000000000000


Registers:
RAX=0x0000000000000000, RBX=0x0000028ad5059c5a, RCX=0x0000028ad504e4c0, RDX=0x000000e708aff2b0
RSP=0x000000e708aff2b0, RBP=0x0000028b1b8f8598, RSI=0x000000e708aff3b8, RDI=0x0000028b1b8f8570
R8 =0x0000000000010002, R9 =0x0000028b1b8f8570, R10=0x85f13e9656da4870, R11=0x000000e708aff240
R12=0x00007ffb4e0d5d30, R13=0x00007ffb499bb760, R14=0x00002d37e1a29df5, R15=0x0000028b1b8f8570
RIP=0x00007ffb4e0d8427, EFLAGS=0x0000000000010202


Register to memory mapping:

RAX=0x0 is null
RBX=0x0000028ad5059c5a is a global jni handle
RCX=0x0000028ad504e4c0 points into unknown readable memory: 0x00007ffb497bf698 | 98 f6 7b 49 fb 7f 00 00
RDX=0x000000e708aff2b0 points into unknown readable memory: 0x0000000000000000 | 00 00 00 00 00 00 00 00
RSP=0x000000e708aff2b0 points into unknown readable memory: 0x0000000000000000 | 00 00 00 00 00 00 00 00
RBP=0x0000028b1b8f8598 points into unknown readable memory: 0x00002d37e1a29df5 | f5 9d a2 e1 37 2d 00 00
RSI=0x000000e708aff3b8 points into unknown readable memory: 0x000000e708aff3a0 | a0 f3 af 08 e7 00 00 00
RDI=0x0000028b1b8f8570 points into unknown readable memory: 0x09002d381ecb5c5e | 5e 5c cb 1e 38 2d 00 09
R8 =0x0000000000010002 is an unknown value
R9 =0x0000028b1b8f8570 points into unknown readable memory: 0x09002d381ecb5c5e | 5e 5c cb 1e 38 2d 00 09
R10=0x85f13e9656da4870 is an unknown value
R11=0x000000e708aff240 points into unknown readable memory: 0x0000028b1b8f8570 | 70 85 8f 1b 8b 02 00 00
R12=0x00007ffb4e0d5d30 glass.dll
R13=0x00007ffb499bb760 jvm.dll
R14=0x00002d37e1a29df5 is an unknown value
R15=0x0000028b1b8f8570 points into unknown readable memory: 0x09002d381ecb5c5e | 5e 5c cb 1e 38 2d 00 09

Top of Stack: (sp=0x000000e708aff2b0)
0x000000e708aff2b0:   0000000000000000 000000e708aff3b8
0x000000e708aff2c0:   00007ffb499bb760 00007ffb4e0d5d30
0x000000e708aff2d0:   0000028b1b8f8578 00007ffbe1703a93
0x000000e708aff2e0:   0000028b1b8f8570 0000028b00000000
0x000000e708aff2f0:   0000028b1b8f8598 000000e708aff3b8
0x000000e708aff300:   fffffffffffffffe 0000000000000000
0x000000e708aff310:   0000000000000001 00007ffb4e0b0000
0x000000e708aff320:   000000e708aff3a8 00007ffbe16d042e
0x000000e708aff330:   0000000000000000 000000e708aff3b8
0x000000e708aff340:   000000e708aff6a0 0000000000000001
0x000000e708aff350:   0000000000000001 00007ffbe16cdddd
0x000000e708aff360:   0000000000000000 00007ffb4e0d5529
0x000000e708aff370:   0000000000000000 000000e708aff3a8
0x000000e708aff380:   fffffffffffffffe 0000000000000001
0x000000e708aff390:   0000000000000000 00007ffb4e0d5bbd
0x000000e708aff3a0:   00007ffb4e0ed078 00007ffb00000002
0x000000e708aff3b0:   0000000000000002 000000e708aff3a0
0x000000e708aff3c0:   0000000000000000 00007ffbe4378ae3
0x000000e708aff3d0:   0000000000000000 00007ffb4e0d5ce2
0x000000e708aff3e0:   0000000000000001 0000000000000001
0x000000e708aff3f0:   0000000000000000 0000000000000001
0x000000e708aff400:   0000000000000001 00007ffbe0e92223
0x000000e708aff410:   00007ffb00000001 0000000000000000
0x000000e708aff420:   00007ffb4e0b0000 000000007ffe0384
0x000000e708aff430:   0000000000000000 00007ffbe4378b7f
0x000000e708aff440:   00007ffb4e0b0000 0000000000000000
0x000000e708aff450:   0000000000000001 000000007ffe0385
0x000000e708aff460:   00007ffbe4487940 00007ffbcdee74d0
0x000000e708aff470:   00008eb6519a2000 00007ffbccc00000
0x000000e708aff480:   00007ffb4e0d5d30 0000000000000000
0x000000e708aff490:   0000000000000000 000000e707e6b000
0x000000e708aff4a0:   0000028b1b947ef0 00007ffbe43a1586 

Instructions: (pc=0x00007ffb4e0d8427)
0x00007ffb4e0d8327:   8b 4d 58 e8 49 cf ff ff 48 8b 4d 60 e8 40 cf ff
0x00007ffb4e0d8337:   ff 48 8b 95 80 00 00 00 48 8b 8d 18 01 00 00 e8
0x00007ffb4e0d8347:   26 c5 ff ff 33 d2 33 c9 e8 8c e1 ff ff 90 48 89
0x00007ffb4e0d8357:   54 24 10 55 48 83 ec 20 48 8b ea 48 b8 00 00 00
0x00007ffb4e0d8367:   00 00 00 00 00 48 83 c4 20 5d c3 cc 40 55 48 8b
0x00007ffb4e0d8377:   ea 48 8b 01 33 c9 81 38 05 00 00 c0 0f 94 c1 8b
0x00007ffb4e0d8387:   c1 5d c3 cc 40 55 48 83 ec 20 48 8b ea 8a 4d 40
0x00007ffb4e0d8397:   48 83 c4 20 5d e9 33 d3 ff ff cc 40 55 48 83 ec
0x00007ffb4e0d83a7:   20 48 8b ea 8a 4d 20 e8 21 d3 ff ff 90 48 83 c4
0x00007ffb4e0d83b7:   20 5d c3 cc 40 55 48 83 ec 20 48 8b ea 48 83 c4
0x00007ffb4e0d83c7:   20 5d e9 82 d1 ff ff cc 40 55 48 83 ec 30 48 8b
0x00007ffb4e0d83d7:   ea 48 8b 01 8b 10 48 89 4c 24 28 89 54 24 20 4c
0x00007ffb4e0d83e7:   8d 0d 23 d6 ff ff 4c 8b 45 70 8b 55 68 48 8b 4d
0x00007ffb4e0d83f7:   60 e8 c3 d0 ff ff 90 48 83 c4 30 5d c3 cc cc cc
0x00007ffb4e0d8407:   cc cc cc cc cc cc cc cc cc 40 53 48 83 ec 20 48
0x00007ffb4e0d8417:   8b 1d 1b 46 01 00 48 85 db 74 16 e8 59 90 ff ff
0x00007ffb4e0d8427:   4c 8b 00 48 8b d3 48 8b c8 41 ff 90 b0 00 00 00
0x00007ffb4e0d8437:   90 48 83 c4 20 5b c3 cc cc 40 53 48 83 ec 20 48
0x00007ffb4e0d8447:   8b 1d 5b 47 01 00 48 85 db 74 57 b8 ff ff ff ff
0x00007ffb4e0d8457:   f0 0f c1 43 10 83 f8 01 75 3d 48 85 db 74 38 48
0x00007ffb4e0d8467:   8b 0b 48 85 c9 74 0d ff 15 3c 0e 00 00 48 c7 03
0x00007ffb4e0d8477:   00 00 00 00 48 8b 4b 08 48 85 c9 74 0d e8 ef cd
0x00007ffb4e0d8487:   ff ff 48 c7 43 08 00 00 00 00 ba 18 00 00 00 48
0x00007ffb4e0d8497:   8b cb e8 da cd ff ff 48 c7 05 ff 46 01 00 00 00
0x00007ffb4e0d84a7:   00 00 48 83 c4 20 5b c3 cc 40 53 48 83 ec 20 48
0x00007ffb4e0d84b7:   8b 1d cb 46 01 00 48 85 db 74 57 b8 ff ff ff ff
0x00007ffb4e0d84c7:   f0 0f c1 43 10 83 f8 01 75 3d 48 85 db 74 38 48
0x00007ffb4e0d84d7:   8b 0b 48 85 c9 74 0d ff 15 cc 0d 00 00 48 c7 03
0x00007ffb4e0d84e7:   00 00 00 00 48 8b 4b 08 48 85 c9 74 0d e8 7f cd
0x00007ffb4e0d84f7:   ff ff 48 c7 43 08 00 00 00 00 ba 18 00 00 00 48
0x00007ffb4e0d8507:   8b cb e8 6a cd ff ff 48 c7 05 6f 46 01 00 00 00
0x00007ffb4e0d8517:   00 00 48 83 c4 20 5b c3 cc 40 53 48 83 ec 20 48 


Stack slot to memory mapping:

stack at sp + 0 slots: 0x0 is null
stack at sp + 1 slots: 0x000000e708aff3b8 points into unknown readable memory: 0x000000e708aff3a0 | a0 f3 af 08 e7 00 00 00
stack at sp + 2 slots: 0x00007ffb499bb760 jvm.dll
stack at sp + 3 slots: 0x00007ffb4e0d5d30 glass.dll
stack at sp + 4 slots: 0x0000028b1b8f8578 points into unknown readable memory: 0x00002d37e1a29df5 | f5 9d a2 e1 37 2d 00 00
stack at sp + 5 slots: 0x00007ffbe1703a93 ucrtbase.dll
stack at sp + 6 slots: 0x0000028b1b8f8570 points into unknown readable memory: 0x09002d381ecb5c5e | 5e 5c cb 1e 38 2d 00 09
stack at sp + 7 slots: 0x0000028b00000000 is an unknown value

VM_Operation (0x000000e7081fef50): Exit, mode: safepoint, requested by thread 0x0000028b21421500


---------------  P R O C E S S  ---------------

Threads class SMR info:
_java_thread_list=0x0000028b215094d0, length=19, elements={
0x0000028ab60f82b0, 0x0000028ad5067e30, 0x0000028ad5069160, 0x0000028ad506d030,
0x0000028ad507a350, 0x0000028ad5086890, 0x0000028ad507ce30, 0x0000028ad50ab320,
0x0000028ad51b7690, 0x0000028b1b367fd0, 0x0000028b1b1f8690, 0x0000028b1b8efe20,
0x0000028ad5299620, 0x0000028b1b8d1010, 0x0000028b1bb8daf0, 0x0000028ad50a6340,
0x0000028b21422f40, 0x0000028b214235d0, 0x0000028b21421500
}

Java Threads: ( => current thread )
  0x0000028ab60f82b0 JavaThread "main"                              [_thread_blocked, id=10388, stack(0x000000e708300000,0x000000e708400000) (1024K)]
  0x0000028ad5067e30 JavaThread "Reference Handler"          daemon [_thread_blocked, id=20544, stack(0x000000e708b00000,0x000000e708c00000) (1024K)]
  0x0000028ad5069160 JavaThread "Finalizer"                  daemon [_thread_blocked, id=23864, stack(0x000000e708c00000,0x000000e708d00000) (1024K)]
  0x0000028ad506d030 JavaThread "Attach Listener"            daemon [_thread_blocked, id=22016, stack(0x000000e708e00000,0x000000e708f00000) (1024K)]
  0x0000028ad507a350 JavaThread "Service Thread"             daemon [_thread_blocked, id=24920, stack(0x000000e708f00000,0x000000e709000000) (1024K)]
  0x0000028ad5086890 JavaThread "Monitor Deflation Thread"   daemon [_thread_blocked, id=16468, stack(0x000000e709000000,0x000000e709100000) (1024K)]
  0x0000028ad507ce30 JavaThread "C2 CompilerThread0"         daemon [_thread_blocked, id=23248, stack(0x000000e709100000,0x000000e709200000) (1024K)]
  0x0000028ad50ab320 JavaThread "C1 CompilerThread0"         daemon [_thread_blocked, id=22568, stack(0x000000e709200000,0x000000e709300000) (1024K)]
  0x0000028ad51b7690 JavaThread "Common-Cleaner"             daemon [_thread_blocked, id=2756, stack(0x000000e709300000,0x000000e709400000) (1024K)]
  0x0000028b1b367fd0 JavaThread "Monitor Ctrl-Break"         daemon [_thread_in_native, id=26404, stack(0x000000e709600000,0x000000e709700000) (1024K)]
  0x0000028b1b1f8690 JavaThread "Notification Thread"        daemon [_thread_blocked, id=20516, stack(0x000000e709700000,0x000000e709800000) (1024K)]
  0x0000028b1b8efe20 JavaThread "QuantumRenderer-0"          daemon [_thread_blocked, id=28540, stack(0x000000e709800000,0x000000e709900000) (1024K)]
  0x0000028ad5299620 JavaThread "InvokeLaterDispatcher"      daemon [_thread_blocked, id=25340, stack(0x000000e709500000,0x000000e709600000) (1024K)]
  0x0000028b1b8d1010 JavaThread "JavaFX Application Thread"         [_thread_in_native, id=22888, stack(0x000000e709400000,0x000000e709500000) (1024K)]
  0x0000028b1bb8daf0 JavaThread "Thread-1"                   daemon [_thread_in_native, id=19840, stack(0x000000e70a100000,0x000000e70a200000) (1024K)]
  0x0000028ad50a6340 JavaThread "JavaFX-Launcher"                   [_thread_blocked, id=19752, stack(0x000000e70a200000,0x000000e70a300000) (1024K)]
  0x0000028b21422f40 JavaThread "Prism Font Disposer"        daemon [_thread_blocked, id=11968, stack(0x000000e70a400000,0x000000e70a500000) (1024K)]
  0x0000028b214235d0 JavaThread "Cleaner-0"                  daemon [_thread_blocked, id=3788, stack(0x000000e70ab00000,0x000000e70ac00000) (1024K)]
  0x0000028b21421500 JavaThread "SIGINT handler"             daemon [_thread_blocked, id=25152, stack(0x000000e708100000,0x000000e708200000) (1024K)]
Total: 19

Other Threads:
=>0x0000028ad504e4c0 VMThread "VM Thread"                           [id=26784, stack(0x000000e708a00000,0x000000e708b00000) (1024K)]
  0x0000028ab8379330 WorkerThread "GC Thread#0"                     [id=20892, stack(0x000000e708400000,0x000000e708500000) (1024K)]
  0x0000028b1bba8e80 WorkerThread "GC Thread#1"                     [id=15544, stack(0x000000e709c00000,0x000000e709d00000) (1024K)]
  0x0000028b1bbacac0 WorkerThread "GC Thread#2"                     [id=15948, stack(0x000000e709d00000,0x000000e709e00000) (1024K)]
  0x0000028b1bbb1520 WorkerThread "GC Thread#3"                     [id=21544, stack(0x000000e709e00000,0x000000e709f00000) (1024K)]
  0x0000028b1bbf8b00 WorkerThread "GC Thread#4"                     [id=8064, stack(0x000000e709f00000,0x000000e70a000000) (1024K)]
  0x0000028b1bbf8eb0 WorkerThread "GC Thread#5"                     [id=28584, stack(0x000000e70a000000,0x000000e70a100000) (1024K)]
  0x0000028b1b735b40 WorkerThread "GC Thread#6"                     [id=27576, stack(0x000000e70a500000,0x000000e70a600000) (1024K)]
  0x0000028b1b736650 WorkerThread "GC Thread#7"                     [id=17656, stack(0x000000e70a600000,0x000000e70a700000) (1024K)]
  0x0000028ab838da20 ConcurrentGCThread "G1 Main Marker"            terminated
  0x0000028ab838e440 WorkerThread "G1 Conc#0"                       [id=19440, stack(0x000000e708600000,0x000000e708700000) (1024K)]
  0x0000028ab83deb10 ConcurrentGCThread "G1 Refine#0"               terminated
  0x0000028ad4f107c0 ConcurrentGCThread "G1 Service"                terminated
Total: 13

Threads with active compile tasks:
Total: 0

VM state: at safepoint (shutting down)

VM Mutex/Monitor currently owned by a thread:  ([mutex/lock_event])
[0x00007ffb49993910] Threads_lock - owner thread: 0x0000028ad504e4c0
[0x00007ffb49993a10] Heap_lock - owner thread: 0x0000028b21421500

Heap address: 0x0000000083600000, size: 1994 MB, Compressed Oops mode: 32-bit

CDS archive(s) mapped at: [0x0000028ad6000000-0x0000028ad6d70000-0x0000028ad6d70000), size 14090240, SharedBaseAddress: 0x0000028ad6000000, ArchiveRelocationMode: 1.
Compressed class space mapped at: 0x0000028ad7000000-0x0000028b17000000, reserved size: 1073741824
Narrow klass base: 0x0000028ad6000000, Narrow klass shift: 0, Narrow klass range: 0x41000000

GC Precious Log:
 CardTable entry size: 512
 Card Set container configuration: InlinePtr #cards 5 size 8 Array Of Cards #cards 10 size 36 Howl #buckets 4 coarsen threshold 1843 Howl Bitmap #cards 512 size 80 coarsen threshold 460 Card regions per heap region 1 cards per card region 2048
 CPUs: 8 total, 8 available
 Memory: 7971M
 Large Page Support: Disabled
 NUMA Support: Disabled
 Compressed Oops: Enabled (32-bit)
 Heap Region Size: 1M
 Heap Min Capacity: 8M
 Heap Initial Capacity: 126M
 Heap Max Capacity: 1994M
 Pre-touch: Disabled
 Parallel Workers: 8
 Concurrent Workers: 2
 Concurrent Refinement Workers: 8
 Periodic GC: Disabled

Heap:
 garbage-first heap   total reserved 2041856K, committed 129024K, used 13351K [0x0000000083600000, 0x0000000100000000)
  region size 1024K, 6 young (6144K), 5 survivors (5120K)
 Metaspace       used 18268K, committed 18624K, reserved 1114112K
  class space    used 2667K, committed 2816K, reserved 1048576K

Heap Regions: E=young(eden), S=young(survivor), O=old, HS=humongous(starts), HC=humongous(continues), CS=collection set, F=free, TAMS=top-at-mark-start, PB=parsable bottom
|   0|0x0000000083600000, 0x0000000083700000, 0x0000000083700000|100%| O|  |TAMS 0x0000000083600000| PB 0x0000000083600000| Untracked |  0
|   1|0x0000000083700000, 0x0000000083800000, 0x0000000083800000|100%| O|  |TAMS 0x0000000083700000| PB 0x0000000083700000| Untracked |  0
|   2|0x0000000083800000, 0x0000000083900000, 0x0000000083900000|100%| O|  |TAMS 0x0000000083800000| PB 0x0000000083800000| Untracked |  0
|   3|0x0000000083900000, 0x0000000083a00000, 0x0000000083a00000|100%|HS|  |TAMS 0x0000000083900000| PB 0x0000000083900000| Complete |  0
|   4|0x0000000083a00000, 0x0000000083b00000, 0x0000000083b00000|100%|HC|  |TAMS 0x0000000083a00000| PB 0x0000000083a00000| Complete |  0
|   5|0x0000000083b00000, 0x0000000083c00000, 0x0000000083c00000|100%| O|  |TAMS 0x0000000083b00000| PB 0x0000000083b00000| Untracked |  0
|   6|0x0000000083c00000, 0x0000000083d00000, 0x0000000083d00000|100%| O|  |TAMS 0x0000000083c00000| PB 0x0000000083c00000| Untracked |  0
|   7|0x0000000083d00000, 0x0000000083e00000, 0x0000000083e00000|100%| O|  |TAMS 0x0000000083d00000| PB 0x0000000083d00000| Untracked |  0
|   8|0x0000000083e00000, 0x0000000083eadca8, 0x0000000083f00000| 67%| O|  |TAMS 0x0000000083e00000| PB 0x0000000083e00000| Untracked |  0
|   9|0x0000000083f00000, 0x0000000083f00000, 0x0000000084000000|  0%| F|  |TAMS 0x0000000083f00000| PB 0x0000000083f00000| Untracked |  0
|  10|0x0000000084000000, 0x0000000084000000, 0x0000000084100000|  0%| F|  |TAMS 0x0000000084000000| PB 0x0000000084000000| Untracked |  0
|  11|0x0000000084100000, 0x0000000084100000, 0x0000000084200000|  0%| F|  |TAMS 0x0000000084100000| PB 0x0000000084100000| Untracked |  0
|  12|0x0000000084200000, 0x0000000084200000, 0x0000000084300000|  0%| F|  |TAMS 0x0000000084200000| PB 0x0000000084200000| Untracked |  0
|  13|0x0000000084300000, 0x0000000084300000, 0x0000000084400000|  0%| F|  |TAMS 0x0000000084300000| PB 0x0000000084300000| Untracked |  0
|  14|0x0000000084400000, 0x0000000084400000, 0x0000000084500000|  0%| F|  |TAMS 0x0000000084400000| PB 0x0000000084400000| Untracked |  0
|  15|0x0000000084500000, 0x0000000084500000, 0x0000000084600000|  0%| F|  |TAMS 0x0000000084500000| PB 0x0000000084500000| Untracked |  0
|  16|0x0000000084600000, 0x0000000084600000, 0x0000000084700000|  0%| F|  |TAMS 0x0000000084600000| PB 0x0000000084600000| Untracked |  0
|  17|0x0000000084700000, 0x0000000084700000, 0x0000000084800000|  0%| F|  |TAMS 0x0000000084700000| PB 0x0000000084700000| Untracked |  0
|  18|0x0000000084800000, 0x0000000084800000, 0x0000000084900000|  0%| F|  |TAMS 0x0000000084800000| PB 0x0000000084800000| Untracked |  0
|  19|0x0000000084900000, 0x0000000084900000, 0x0000000084a00000|  0%| F|  |TAMS 0x0000000084900000| PB 0x0000000084900000| Untracked |  0
|  20|0x0000000084a00000, 0x0000000084a00000, 0x0000000084b00000|  0%| F|  |TAMS 0x0000000084a00000| PB 0x0000000084a00000| Untracked |  0
|  21|0x0000000084b00000, 0x0000000084b00000, 0x0000000084c00000|  0%| F|  |TAMS 0x0000000084b00000| PB 0x0000000084b00000| Untracked |  0
|  22|0x0000000084c00000, 0x0000000084c00000, 0x0000000084d00000|  0%| F|  |TAMS 0x0000000084c00000| PB 0x0000000084c00000| Untracked |  0
|  23|0x0000000084d00000, 0x0000000084d00000, 0x0000000084e00000|  0%| F|  |TAMS 0x0000000084d00000| PB 0x0000000084d00000| Untracked |  0
|  24|0x0000000084e00000, 0x0000000084e00000, 0x0000000084f00000|  0%| F|  |TAMS 0x0000000084e00000| PB 0x0000000084e00000| Untracked |  0
|  25|0x0000000084f00000, 0x0000000084f00000, 0x0000000085000000|  0%| F|  |TAMS 0x0000000084f00000| PB 0x0000000084f00000| Untracked |  0
|  26|0x0000000085000000, 0x0000000085000000, 0x0000000085100000|  0%| F|  |TAMS 0x0000000085000000| PB 0x0000000085000000| Untracked |  0
|  27|0x0000000085100000, 0x0000000085100000, 0x0000000085200000|  0%| F|  |TAMS 0x0000000085100000| PB 0x0000000085100000| Untracked |  0
|  28|0x0000000085200000, 0x0000000085200000, 0x0000000085300000|  0%| F|  |TAMS 0x0000000085200000| PB 0x0000000085200000| Untracked |  0
|  29|0x0000000085300000, 0x0000000085300000, 0x0000000085400000|  0%| F|  |TAMS 0x0000000085300000| PB 0x0000000085300000| Untracked |  0
|  30|0x0000000085400000, 0x0000000085400000, 0x0000000085500000|  0%| F|  |TAMS 0x0000000085400000| PB 0x0000000085400000| Untracked |  0
|  31|0x0000000085500000, 0x0000000085500000, 0x0000000085600000|  0%| F|  |TAMS 0x0000000085500000| PB 0x0000000085500000| Untracked |  0
|  32|0x0000000085600000, 0x0000000085600000, 0x0000000085700000|  0%| F|  |TAMS 0x0000000085600000| PB 0x0000000085600000| Untracked |  0
|  33|0x0000000085700000, 0x0000000085700000, 0x0000000085800000|  0%| F|  |TAMS 0x0000000085700000| PB 0x0000000085700000| Untracked |  0
|  34|0x0000000085800000, 0x0000000085800000, 0x0000000085900000|  0%| F|  |TAMS 0x0000000085800000| PB 0x0000000085800000| Untracked |  0
|  35|0x0000000085900000, 0x0000000085900000, 0x0000000085a00000|  0%| F|  |TAMS 0x0000000085900000| PB 0x0000000085900000| Untracked |  0
|  36|0x0000000085a00000, 0x0000000085a00000, 0x0000000085b00000|  0%| F|  |TAMS 0x0000000085a00000| PB 0x0000000085a00000| Untracked |  0
|  37|0x0000000085b00000, 0x0000000085b00000, 0x0000000085c00000|  0%| F|  |TAMS 0x0000000085b00000| PB 0x0000000085b00000| Untracked |  0
|  38|0x0000000085c00000, 0x0000000085c00000, 0x0000000085d00000|  0%| F|  |TAMS 0x0000000085c00000| PB 0x0000000085c00000| Untracked |  0
|  39|0x0000000085d00000, 0x0000000085d00000, 0x0000000085e00000|  0%| F|  |TAMS 0x0000000085d00000| PB 0x0000000085d00000| Untracked |  0
|  40|0x0000000085e00000, 0x0000000085e00000, 0x0000000085f00000|  0%| F|  |TAMS 0x0000000085e00000| PB 0x0000000085e00000| Untracked |  0
|  41|0x0000000085f00000, 0x0000000085f00000, 0x0000000086000000|  0%| F|  |TAMS 0x0000000085f00000| PB 0x0000000085f00000| Untracked |  0
|  42|0x0000000086000000, 0x0000000086000000, 0x0000000086100000|  0%| F|  |TAMS 0x0000000086000000| PB 0x0000000086000000| Untracked |  0
|  43|0x0000000086100000, 0x0000000086100000, 0x0000000086200000|  0%| F|  |TAMS 0x0000000086100000| PB 0x0000000086100000| Untracked |  0
|  44|0x0000000086200000, 0x0000000086200000, 0x0000000086300000|  0%| F|  |TAMS 0x0000000086200000| PB 0x0000000086200000| Untracked |  0
|  45|0x0000000086300000, 0x0000000086300000, 0x0000000086400000|  0%| F|  |TAMS 0x0000000086300000| PB 0x0000000086300000| Untracked |  0
|  46|0x0000000086400000, 0x0000000086400000, 0x0000000086500000|  0%| F|  |TAMS 0x0000000086400000| PB 0x0000000086400000| Untracked |  0
|  47|0x0000000086500000, 0x0000000086500000, 0x0000000086600000|  0%| F|  |TAMS 0x0000000086500000| PB 0x0000000086500000| Untracked |  0
|  48|0x0000000086600000, 0x0000000086600000, 0x0000000086700000|  0%| F|  |TAMS 0x0000000086600000| PB 0x0000000086600000| Untracked |  0
|  49|0x0000000086700000, 0x0000000086700000, 0x0000000086800000|  0%| F|  |TAMS 0x0000000086700000| PB 0x0000000086700000| Untracked |  0
|  50|0x0000000086800000, 0x0000000086800000, 0x0000000086900000|  0%| F|  |TAMS 0x0000000086800000| PB 0x0000000086800000| Untracked |  0
|  51|0x0000000086900000, 0x0000000086900000, 0x0000000086a00000|  0%| F|  |TAMS 0x0000000086900000| PB 0x0000000086900000| Untracked |  0
|  52|0x0000000086a00000, 0x0000000086a00000, 0x0000000086b00000|  0%| F|  |TAMS 0x0000000086a00000| PB 0x0000000086a00000| Untracked |  0
|  53|0x0000000086b00000, 0x0000000086b00000, 0x0000000086c00000|  0%| F|  |TAMS 0x0000000086b00000| PB 0x0000000086b00000| Untracked |  0
|  54|0x0000000086c00000, 0x0000000086c00000, 0x0000000086d00000|  0%| F|  |TAMS 0x0000000086c00000| PB 0x0000000086c00000| Untracked |  0
|  55|0x0000000086d00000, 0x0000000086d00000, 0x0000000086e00000|  0%| F|  |TAMS 0x0000000086d00000| PB 0x0000000086d00000| Untracked |  0
|  56|0x0000000086e00000, 0x0000000086e00000, 0x0000000086f00000|  0%| F|  |TAMS 0x0000000086e00000| PB 0x0000000086e00000| Untracked |  0
|  57|0x0000000086f00000, 0x0000000086f00000, 0x0000000087000000|  0%| F|  |TAMS 0x0000000086f00000| PB 0x0000000086f00000| Untracked |  0
|  58|0x0000000087000000, 0x0000000087000000, 0x0000000087100000|  0%| F|  |TAMS 0x0000000087000000| PB 0x0000000087000000| Untracked |  0
|  59|0x0000000087100000, 0x0000000087100000, 0x0000000087200000|  0%| F|  |TAMS 0x0000000087100000| PB 0x0000000087100000| Untracked |  0
|  60|0x0000000087200000, 0x0000000087200000, 0x0000000087300000|  0%| F|  |TAMS 0x0000000087200000| PB 0x0000000087200000| Untracked |  0
|  61|0x0000000087300000, 0x0000000087300000, 0x0000000087400000|  0%| F|  |TAMS 0x0000000087300000| PB 0x0000000087300000| Untracked |  0
|  62|0x0000000087400000, 0x0000000087400000, 0x0000000087500000|  0%| F|  |TAMS 0x0000000087400000| PB 0x0000000087400000| Untracked |  0
|  63|0x0000000087500000, 0x0000000087500000, 0x0000000087600000|  0%| F|  |TAMS 0x0000000087500000| PB 0x0000000087500000| Untracked |  0
|  64|0x0000000087600000, 0x0000000087600000, 0x0000000087700000|  0%| F|  |TAMS 0x0000000087600000| PB 0x0000000087600000| Untracked |  0
|  65|0x0000000087700000, 0x0000000087700000, 0x0000000087800000|  0%| F|  |TAMS 0x0000000087700000| PB 0x0000000087700000| Untracked |  0
|  66|0x0000000087800000, 0x0000000087800000, 0x0000000087900000|  0%| F|  |TAMS 0x0000000087800000| PB 0x0000000087800000| Untracked |  0
|  67|0x0000000087900000, 0x0000000087900000, 0x0000000087a00000|  0%| F|  |TAMS 0x0000000087900000| PB 0x0000000087900000| Untracked |  0
|  68|0x0000000087a00000, 0x0000000087a5c220, 0x0000000087b00000| 35%| S|CS|TAMS 0x0000000087a00000| PB 0x0000000087a00000| Complete |  0
|  69|0x0000000087b00000, 0x0000000087c00000, 0x0000000087c00000|100%| S|CS|TAMS 0x0000000087b00000| PB 0x0000000087b00000| Complete |  0
|  70|0x0000000087c00000, 0x0000000087d00000, 0x0000000087d00000|100%| S|CS|TAMS 0x0000000087c00000| PB 0x0000000087c00000| Complete |  0
|  71|0x0000000087d00000, 0x0000000087e00000, 0x0000000087e00000|100%| S|CS|TAMS 0x0000000087d00000| PB 0x0000000087d00000| Complete |  0
|  72|0x0000000087e00000, 0x0000000087f00000, 0x0000000087f00000|100%| S|CS|TAMS 0x0000000087e00000| PB 0x0000000087e00000| Complete |  0
|  73|0x0000000087f00000, 0x0000000087f00000, 0x0000000088000000|  0%| F|  |TAMS 0x0000000087f00000| PB 0x0000000087f00000| Untracked |  0
|  74|0x0000000088000000, 0x0000000088000000, 0x0000000088100000|  0%| F|  |TAMS 0x0000000088000000| PB 0x0000000088000000| Untracked |  0
|  75|0x0000000088100000, 0x0000000088100000, 0x0000000088200000|  0%| F|  |TAMS 0x0000000088100000| PB 0x0000000088100000| Untracked |  0
|  76|0x0000000088200000, 0x0000000088200000, 0x0000000088300000|  0%| F|  |TAMS 0x0000000088200000| PB 0x0000000088200000| Untracked |  0
|  77|0x0000000088300000, 0x0000000088300000, 0x0000000088400000|  0%| F|  |TAMS 0x0000000088300000| PB 0x0000000088300000| Untracked |  0
|  78|0x0000000088400000, 0x0000000088400000, 0x0000000088500000|  0%| F|  |TAMS 0x0000000088400000| PB 0x0000000088400000| Untracked |  0
|  79|0x0000000088500000, 0x0000000088500000, 0x0000000088600000|  0%| F|  |TAMS 0x0000000088500000| PB 0x0000000088500000| Untracked |  0
|  80|0x0000000088600000, 0x0000000088600000, 0x0000000088700000|  0%| F|  |TAMS 0x0000000088600000| PB 0x0000000088600000| Untracked |  0
|  81|0x0000000088700000, 0x0000000088700000, 0x0000000088800000|  0%| F|  |TAMS 0x0000000088700000| PB 0x0000000088700000| Untracked |  0
|  82|0x0000000088800000, 0x0000000088800000, 0x0000000088900000|  0%| F|  |TAMS 0x0000000088800000| PB 0x0000000088800000| Untracked |  0
|  83|0x0000000088900000, 0x0000000088900000, 0x0000000088a00000|  0%| F|  |TAMS 0x0000000088900000| PB 0x0000000088900000| Untracked |  0
|  84|0x0000000088a00000, 0x0000000088a00000, 0x0000000088b00000|  0%| F|  |TAMS 0x0000000088a00000| PB 0x0000000088a00000| Untracked |  0
|  85|0x0000000088b00000, 0x0000000088b00000, 0x0000000088c00000|  0%| F|  |TAMS 0x0000000088b00000| PB 0x0000000088b00000| Untracked |  0
|  86|0x0000000088c00000, 0x0000000088c00000, 0x0000000088d00000|  0%| F|  |TAMS 0x0000000088c00000| PB 0x0000000088c00000| Untracked |  0
|  87|0x0000000088d00000, 0x0000000088d00000, 0x0000000088e00000|  0%| F|  |TAMS 0x0000000088d00000| PB 0x0000000088d00000| Untracked |  0
|  88|0x0000000088e00000, 0x0000000088e00000, 0x0000000088f00000|  0%| F|  |TAMS 0x0000000088e00000| PB 0x0000000088e00000| Untracked |  0
|  89|0x0000000088f00000, 0x0000000088f00000, 0x0000000089000000|  0%| F|  |TAMS 0x0000000088f00000| PB 0x0000000088f00000| Untracked |  0
|  90|0x0000000089000000, 0x0000000089000000, 0x0000000089100000|  0%| F|  |TAMS 0x0000000089000000| PB 0x0000000089000000| Untracked |  0
|  91|0x0000000089100000, 0x0000000089100000, 0x0000000089200000|  0%| F|  |TAMS 0x0000000089100000| PB 0x0000000089100000| Untracked |  0
|  92|0x0000000089200000, 0x0000000089200000, 0x0000000089300000|  0%| F|  |TAMS 0x0000000089200000| PB 0x0000000089200000| Untracked |  0
|  93|0x0000000089300000, 0x0000000089300000, 0x0000000089400000|  0%| F|  |TAMS 0x0000000089300000| PB 0x0000000089300000| Untracked |  0
|  94|0x0000000089400000, 0x0000000089400000, 0x0000000089500000|  0%| F|  |TAMS 0x0000000089400000| PB 0x0000000089400000| Untracked |  0
|  95|0x0000000089500000, 0x0000000089500000, 0x0000000089600000|  0%| F|  |TAMS 0x0000000089500000| PB 0x0000000089500000| Untracked |  0
|  96|0x0000000089600000, 0x0000000089600000, 0x0000000089700000|  0%| F|  |TAMS 0x0000000089600000| PB 0x0000000089600000| Untracked |  0
|  97|0x0000000089700000, 0x0000000089700000, 0x0000000089800000|  0%| F|  |TAMS 0x0000000089700000| PB 0x0000000089700000| Untracked |  0
|  98|0x0000000089800000, 0x0000000089800000, 0x0000000089900000|  0%| F|  |TAMS 0x0000000089800000| PB 0x0000000089800000| Untracked |  0
|  99|0x0000000089900000, 0x0000000089900000, 0x0000000089a00000|  0%| F|  |TAMS 0x0000000089900000| PB 0x0000000089900000| Untracked |  0
| 100|0x0000000089a00000, 0x0000000089a00000, 0x0000000089b00000|  0%| F|  |TAMS 0x0000000089a00000| PB 0x0000000089a00000| Untracked |  0
| 101|0x0000000089b00000, 0x0000000089b00000, 0x0000000089c00000|  0%| F|  |TAMS 0x0000000089b00000| PB 0x0000000089b00000| Untracked |  0
| 102|0x0000000089c00000, 0x0000000089c00000, 0x0000000089d00000|  0%| F|  |TAMS 0x0000000089c00000| PB 0x0000000089c00000| Untracked |  0
| 103|0x0000000089d00000, 0x0000000089d00000, 0x0000000089e00000|  0%| F|  |TAMS 0x0000000089d00000| PB 0x0000000089d00000| Untracked |  0
| 104|0x0000000089e00000, 0x0000000089e00000, 0x0000000089f00000|  0%| F|  |TAMS 0x0000000089e00000| PB 0x0000000089e00000| Untracked |  0
| 105|0x0000000089f00000, 0x0000000089f00000, 0x000000008a000000|  0%| F|  |TAMS 0x0000000089f00000| PB 0x0000000089f00000| Untracked |  0
| 106|0x000000008a000000, 0x000000008a000000, 0x000000008a100000|  0%| F|  |TAMS 0x000000008a000000| PB 0x000000008a000000| Untracked |  0
| 107|0x000000008a100000, 0x000000008a100000, 0x000000008a200000|  0%| F|  |TAMS 0x000000008a100000| PB 0x000000008a100000| Untracked |  0
| 108|0x000000008a200000, 0x000000008a200000, 0x000000008a300000|  0%| F|  |TAMS 0x000000008a200000| PB 0x000000008a200000| Untracked |  0
| 109|0x000000008a300000, 0x000000008a300000, 0x000000008a400000|  0%| F|  |TAMS 0x000000008a300000| PB 0x000000008a300000| Untracked |  0
| 110|0x000000008a400000, 0x000000008a400000, 0x000000008a500000|  0%| F|  |TAMS 0x000000008a400000| PB 0x000000008a400000| Untracked |  0
| 111|0x000000008a500000, 0x000000008a500000, 0x000000008a600000|  0%| F|  |TAMS 0x000000008a500000| PB 0x000000008a500000| Untracked |  0
| 112|0x000000008a600000, 0x000000008a600000, 0x000000008a700000|  0%| F|  |TAMS 0x000000008a600000| PB 0x000000008a600000| Untracked |  0
| 113|0x000000008a700000, 0x000000008a700000, 0x000000008a800000|  0%| F|  |TAMS 0x000000008a700000| PB 0x000000008a700000| Untracked |  0
| 114|0x000000008a800000, 0x000000008a800000, 0x000000008a900000|  0%| F|  |TAMS 0x000000008a800000| PB 0x000000008a800000| Untracked |  0
| 115|0x000000008a900000, 0x000000008a900000, 0x000000008aa00000|  0%| F|  |TAMS 0x000000008a900000| PB 0x000000008a900000| Untracked |  0
| 116|0x000000008aa00000, 0x000000008aa00000, 0x000000008ab00000|  0%| F|  |TAMS 0x000000008aa00000| PB 0x000000008aa00000| Untracked |  0
| 117|0x000000008ab00000, 0x000000008ab00000, 0x000000008ac00000|  0%| F|  |TAMS 0x000000008ab00000| PB 0x000000008ab00000| Untracked |  0
| 118|0x000000008ac00000, 0x000000008ac00000, 0x000000008ad00000|  0%| F|  |TAMS 0x000000008ac00000| PB 0x000000008ac00000| Untracked |  0
| 119|0x000000008ad00000, 0x000000008ad00000, 0x000000008ae00000|  0%| F|  |TAMS 0x000000008ad00000| PB 0x000000008ad00000| Untracked |  0
| 120|0x000000008ae00000, 0x000000008ae00000, 0x000000008af00000|  0%| F|  |TAMS 0x000000008ae00000| PB 0x000000008ae00000| Untracked |  0
| 121|0x000000008af00000, 0x000000008af00000, 0x000000008b000000|  0%| F|  |TAMS 0x000000008af00000| PB 0x000000008af00000| Untracked |  0
| 122|0x000000008b000000, 0x000000008b000000, 0x000000008b100000|  0%| F|  |TAMS 0x000000008b000000| PB 0x000000008b000000| Untracked |  0
| 123|0x000000008b100000, 0x000000008b100000, 0x000000008b200000|  0%| F|  |TAMS 0x000000008b100000| PB 0x000000008b100000| Untracked |  0
| 124|0x000000008b200000, 0x000000008b200000, 0x000000008b300000|  0%| F|  |TAMS 0x000000008b200000| PB 0x000000008b200000| Untracked |  0
| 125|0x000000008b300000, 0x000000008b3ec818, 0x000000008b400000| 92%| E|  |TAMS 0x000000008b300000| PB 0x000000008b300000| Complete |  0

Card table byte_map: [0x0000028ad0280000,0x0000028ad0670000] _byte_map_base: 0x0000028acfe65000

Marking Bits: (CMBitMap*) 0x0000028ab8379950
 Bits: [0x0000028ad0670000, 0x0000028ad2598000)

Polling page: 0x0000028ab7ae0000

Metaspace:

Usage:
  Non-class:     15.23 MB used.
      Class:      2.61 MB used.
       Both:     17.84 MB used.

Virtual space:
  Non-class space:       64.00 MB reserved,      15.44 MB ( 24%) committed,  1 nodes.
      Class space:        1.00 GB reserved,       2.75 MB ( <1%) committed,  1 nodes.
             Both:        1.06 GB reserved,      18.19 MB (  2%) committed. 

Chunk freelists:
   Non-Class:  593.00 KB
       Class:  13.09 MB
        Both:  13.67 MB

MaxMetaspaceSize: unlimited
CompressedClassSpaceSize: 1.00 GB
Initial GC threshold: 21.00 MB
Current GC threshold: 21.00 MB
CDS: on
 - commit_granule_bytes: 65536.
 - commit_granule_words: 8192.
 - virtual_space_node_default_size: 8388608.
 - enlarge_chunks_in_place: 1.
 - use_allocation_guard: 0.


Internal statistics:

num_allocs_failed_limit: 0.
num_arena_births: 352.
num_arena_deaths: 0.
num_vsnodes_births: 2.
num_vsnodes_deaths: 0.
num_space_committed: 291.
num_space_uncommitted: 0.
num_chunks_returned_to_freelist: 0.
num_chunks_taken_from_freelist: 892.
num_chunk_merges: 0.
num_chunk_splits: 628.
num_chunks_enlarged: 487.
num_inconsistent_stats: 0.

CodeHeap 'non-profiled nmethods': size=120064Kb used=1432Kb max_used=1432Kb free=118631Kb
 bounds [0x0000028ac8510000, 0x0000028ac8780000, 0x0000028acfa50000]
CodeHeap 'profiled nmethods': size=120000Kb used=5955Kb max_used=5955Kb free=114044Kb
 bounds [0x0000028ac0a50000, 0x0000028ac1030000, 0x0000028ac7f80000]
CodeHeap 'non-nmethods': size=5696Kb used=1983Kb max_used=2022Kb free=3712Kb
 bounds [0x0000028ac7f80000, 0x0000028ac81f0000, 0x0000028ac8510000]
CodeCache: size=245760Kb, used=9370Kb, max_used=9409Kb, free=236387Kb
 total_blobs=4866, nmethods=4040, adapters=731, full_count=0
Compilation: enabled, stopped_count=0, restarted_count=0

Compilation events (20 events):
Event: 300.955 Thread 0x0000028ad50ab320 4034       3       java.lang.ref.ReferenceQueue::signal (10 bytes)
Event: 300.956 Thread 0x0000028ad50ab320 nmethod 4034 0x0000028ac101dc88 code [0x0000028ac101dde0, 0x0000028ac101e1d8]
Event: 300.956 Thread 0x0000028ad50ab320 4035       3       java.util.concurrent.locks.AbstractQueuedSynchronizer$ConditionObject::signalAll (34 bytes)
Event: 300.956 Thread 0x0000028ad50ab320 nmethod 4035 0x0000028ac101e208 code [0x0000028ac101e360, 0x0000028ac101e6a8]
Event: 300.956 Thread 0x0000028ad50ab320 4036   !   3       jdk.internal.ref.PhantomCleanable::isListEmpty (34 bytes)
Event: 300.957 Thread 0x0000028ad50ab320 nmethod 4036 0x0000028ac101e708 code [0x0000028ac101e820, 0x0000028ac101eb10]
Event: 300.957 Thread 0x0000028ad50ab320 4038       3       jdk.internal.misc.InnocuousThread::eraseThreadLocals (23 bytes)
Event: 300.957 Thread 0x0000028ad50ab320 nmethod 4038 0x0000028ac101eb88 code [0x0000028ac101eca0, 0x0000028ac101ee88]
Event: 300.957 Thread 0x0000028ad50ab320 4039   !   3       java.lang.ref.ReferenceQueue::remove (61 bytes)
Event: 300.959 Thread 0x0000028ad50ab320 nmethod 4039 0x0000028ac101ef08 code [0x0000028ac101f100, 0x0000028ac101fc80]
Event: 300.959 Thread 0x0000028ad50ab320 4042   !   3       java.lang.ref.NativeReferenceQueue::enqueue (20 bytes)
Event: 300.959 Thread 0x0000028ad50ab320 nmethod 4042 0x0000028ac101fd08 code [0x0000028ac101fe40, 0x0000028ac1020110]
Event: 300.959 Thread 0x0000028ad50ab320 4040       3       java.lang.ref.ReferenceQueue::remove0 (64 bytes)
Event: 300.959 Thread 0x0000028ad50ab320 nmethod 4040 0x0000028ac1020188 code [0x0000028ac1020300, 0x0000028ac1020778]
Event: 300.959 Thread 0x0000028ad50ab320 4043       3       java.lang.ref.NativeReferenceQueue::signal (8 bytes)
Event: 300.959 Thread 0x0000028ad50ab320 nmethod 4043 0x0000028ac1020808 code [0x0000028ac1020920, 0x0000028ac1020a60]
Event: 300.959 Thread 0x0000028ad50ab320 4041       3       java.lang.invoke.MethodHandleNatives$CallSiteContext::run (5 bytes)
Event: 300.960 Thread 0x0000028ad50ab320 nmethod 4041 0x0000028ac1020b08 code [0x0000028ac1020c20, 0x0000028ac1020d58]
Event: 300.960 Thread 0x0000028ad50ab320 4037       1       java.util.logging.LogManager$LoggerContext::getOwner (5 bytes)
Event: 300.960 Thread 0x0000028ad50ab320 nmethod 4037 0x0000028ac8675d88 code [0x0000028ac8675ea0, 0x0000028ac8675f68]

GC Heap History (6 events):
Event: 1.062 GC heap before
{Heap before GC invocations=0 (full 0):
 garbage-first heap   total reserved 2041856K, committed 129024K, used 23552K [0x0000000083600000, 0x0000000100000000)
  region size 1024K, 24 young (24576K), 0 survivors (0K)
 Metaspace       used 3706K, committed 3904K, reserved 1114112K
  class space    used 392K, committed 512K, reserved 1048576K
}
Event: 1.066 GC heap after
{Heap after GC invocations=1 (full 0):
 garbage-first heap   total reserved 2041856K, committed 129024K, used 2304K [0x0000000083600000, 0x0000000100000000)
  region size 1024K, 3 young (3072K), 3 survivors (3072K)
 Metaspace       used 3706K, committed 3904K, reserved 1114112K
  class space    used 392K, committed 512K, reserved 1048576K
}
Event: 1.647 GC heap before
{Heap before GC invocations=1 (full 0):
 garbage-first heap   total reserved 2041856K, committed 129024K, used 26880K [0x0000000083600000, 0x0000000100000000)
  region size 1024K, 28 young (28672K), 3 survivors (3072K)
 Metaspace       used 8650K, committed 8896K, reserved 1114112K
  class space    used 1099K, committed 1216K, reserved 1048576K
}
Event: 1.653 GC heap after
{Heap after GC invocations=2 (full 0):
 garbage-first heap   total reserved 2041856K, committed 129024K, used 6668K [0x0000000083600000, 0x0000000100000000)
  region size 1024K, 4 young (4096K), 4 survivors (4096K)
 Metaspace       used 8650K, committed 8896K, reserved 1114112K
  class space    used 1099K, committed 1216K, reserved 1048576K
}
Event: 300.878 GC heap before
{Heap before GC invocations=2 (full 0):
 garbage-first heap   total reserved 2041856K, committed 129024K, used 57868K [0x0000000083600000, 0x0000000100000000)
  region size 1024K, 53 young (54272K), 4 survivors (4096K)
 Metaspace       used 18259K, committed 18624K, reserved 1114112K
  class space    used 2666K, committed 2816K, reserved 1048576K
}
Event: 300.952 GC heap after
{Heap after GC invocations=3 (full 0):
 garbage-first heap   total reserved 2041856K, committed 129024K, used 13351K [0x0000000083600000, 0x0000000100000000)
  region size 1024K, 5 young (5120K), 5 survivors (5120K)
 Metaspace       used 18259K, committed 18624K, reserved 1114112K
  class space    used 2666K, committed 2816K, reserved 1048576K
}

Dll operation events (20 events):
Event: 0.776 Loaded shared library C:\Users\pc\.openjfx\cache\23+29\amd64\api-ms-win-crt-locale-l1-1-0.dll
Event: 0.779 Loaded shared library C:\Users\pc\.openjfx\cache\23+29\amd64\api-ms-win-crt-math-l1-1-0.dll
Event: 0.783 Loaded shared library C:\Users\pc\.openjfx\cache\23+29\amd64\api-ms-win-crt-multibyte-l1-1-0.dll
Event: 0.787 Loaded shared library C:\Users\pc\.openjfx\cache\23+29\amd64\api-ms-win-crt-private-l1-1-0.dll
Event: 0.791 Loaded shared library C:\Users\pc\.openjfx\cache\23+29\amd64\api-ms-win-crt-process-l1-1-0.dll
Event: 0.794 Loaded shared library C:\Users\pc\.openjfx\cache\23+29\amd64\api-ms-win-crt-runtime-l1-1-0.dll
Event: 0.798 Loaded shared library C:\Users\pc\.openjfx\cache\23+29\amd64\api-ms-win-crt-stdio-l1-1-0.dll
Event: 0.801 Loaded shared library C:\Users\pc\.openjfx\cache\23+29\amd64\api-ms-win-crt-string-l1-1-0.dll
Event: 0.804 Loaded shared library C:\Users\pc\.openjfx\cache\23+29\amd64\api-ms-win-crt-time-l1-1-0.dll
Event: 0.808 Loaded shared library C:\Users\pc\.openjfx\cache\23+29\amd64\api-ms-win-crt-utility-l1-1-0.dll
Event: 0.831 Loaded shared library C:\Users\pc\.openjfx\cache\23+29\amd64\ucrtbase.dll
Event: 0.836 Loaded shared library C:\Users\pc\.openjfx\cache\23+29\amd64\vcruntime140.dll
Event: 0.840 Loaded shared library C:\Users\pc\.openjfx\cache\23+29\amd64\vcruntime140_1.dll
Event: 0.850 Loaded shared library C:\Users\pc\.openjfx\cache\23+29\amd64\msvcp140.dll
Event: 0.854 Loaded shared library C:\Users\pc\.openjfx\cache\23+29\amd64\msvcp140_1.dll
Event: 0.862 Loaded shared library C:\Users\pc\.openjfx\cache\23+29\amd64\msvcp140_2.dll
Event: 0.921 Loaded shared library C:\Users\pc\.openjfx\cache\23+29\amd64\prism_d3d.dll
Event: 0.999 Loaded shared library C:\Users\pc\.openjfx\cache\23+29\amd64\glass.dll
Event: 1.188 Loaded shared library C:\Users\pc\.jdks\openjdk-23\bin\jimage.dll
Event: 1.772 Loaded shared library C:\Users\pc\.openjfx\cache\23+29\amd64\javafx_font.dll

Deoptimization events (20 events):
Event: 24.578 Thread 0x0000028b1b8efe20 Uncommon trap: trap_request=0xffffff45 fr.pc=0x0000028ac8646924 relative=0x0000000000000224
Event: 24.578 Thread 0x0000028b1b8efe20 Uncommon trap: reason=unstable_if action=reinterpret pc=0x0000028ac8646924 method=com.sun.javafx.geom.transform.AffineBase.updateState2D()V @ 6 c2
Event: 24.578 Thread 0x0000028b1b8efe20 DEOPT PACKING pc=0x0000028ac8646924 sp=0x000000e7098fcf90
Event: 24.578 Thread 0x0000028b1b8efe20 DEOPT UNPACKING pc=0x0000028ac7fd7982 sp=0x000000e7098fce68 mode 2
Event: 24.880 Thread 0x0000028b1b8efe20 Uncommon trap: trap_request=0xffffff45 fr.pc=0x0000028ac8610d74 relative=0x0000000000000714
Event: 24.880 Thread 0x0000028b1b8efe20 Uncommon trap: reason=unstable_if action=reinterpret pc=0x0000028ac8610d74 method=com.sun.marlin.MaskMarlinAlphaConsumer.setAndClearRelativeAlphas([I[IIII)V @ 414 c2
Event: 24.880 Thread 0x0000028b1b8efe20 DEOPT PACKING pc=0x0000028ac8610d74 sp=0x000000e7098fde70
Event: 24.880 Thread 0x0000028b1b8efe20 DEOPT UNPACKING pc=0x0000028ac7fd7982 sp=0x000000e7098fdd78 mode 2
Event: 30.064 Thread 0x0000028b1b8d1010 Uncommon trap: trap_request=0xffffff6e fr.pc=0x0000028ac86727bc relative=0x000000000000095c
Event: 30.064 Thread 0x0000028b1b8d1010 Uncommon trap: reason=loop_limit_check action=maybe_recompile pc=0x0000028ac86727bc method=javafx.scene.Parent.pickChildrenNode(Lcom/sun/javafx/geom/PickRay;Lcom/sun/javafx/scene/input/PickResultChooser;)Z @ 17 c2
Event: 30.064 Thread 0x0000028b1b8d1010 DEOPT PACKING pc=0x0000028ac86727bc sp=0x000000e7094f95e0
Event: 30.064 Thread 0x0000028b1b8d1010 DEOPT UNPACKING pc=0x0000028ac7fd7982 sp=0x000000e7094f9390 mode 2
Event: 135.446 Thread 0x0000028b1b8d1010 Uncommon trap: trap_request=0xffffff45 fr.pc=0x0000028ac865ce58 relative=0x0000000000000cb8
Event: 135.446 Thread 0x0000028b1b8d1010 Uncommon trap: reason=unstable_if action=reinterpret pc=0x0000028ac865ce58 method=javafx.scene.Node.intersectsBounds(Lcom/sun/javafx/geom/PickRay;)D @ 95 c2
Event: 135.446 Thread 0x0000028b1b8d1010 DEOPT PACKING pc=0x0000028ac865ce58 sp=0x000000e7094f95f0
Event: 135.446 Thread 0x0000028b1b8d1010 DEOPT UNPACKING pc=0x0000028ac7fd7982 sp=0x000000e7094f94c8 mode 2
Event: 300.952 Thread 0x0000028b1bb8daf0 Uncommon trap: trap_request=0xffffff45 fr.pc=0x0000028ac8673d78 relative=0x0000000000000d38
Event: 300.952 Thread 0x0000028b1bb8daf0 Uncommon trap: reason=unstable_if action=reinterpret pc=0x0000028ac8673d78 method=com.sun.javafx.tk.quantum.QuantumToolkit.postPulse()V @ 7 c2
Event: 300.953 Thread 0x0000028b1bb8daf0 DEOPT PACKING pc=0x0000028ac8673d78 sp=0x000000e70a1ff5f0
Event: 300.953 Thread 0x0000028b1bb8daf0 DEOPT UNPACKING pc=0x0000028ac7fd7982 sp=0x000000e70a1ff5d8 mode 2

Classes loaded (20 events):
Event: 2.366 Loading class java/nio/DirectFloatBufferU
Event: 2.366 Loading class java/nio/DirectFloatBufferU done
Event: 3.667 Loading class java/util/EnumMap$Values
Event: 3.667 Loading class java/util/EnumMap$Values done
Event: 3.667 Loading class java/util/EnumMap$ValueIterator
Event: 3.667 Loading class java/util/EnumMap$EnumMapIterator
Event: 3.667 Loading class java/util/EnumMap$EnumMapIterator done
Event: 3.667 Loading class java/util/EnumMap$ValueIterator done
Event: 4.465 Loading class java/io/UnsupportedEncodingException
Event: 4.465 Loading class java/io/UnsupportedEncodingException done
Event: 4.918 Loading class java/lang/FdLibm$Hypot
Event: 4.918 Loading class java/lang/FdLibm$Hypot done
Event: 4.983 Loading class java/lang/FdLibm$Atan2
Event: 4.983 Loading class java/lang/FdLibm$Atan2 done
Event: 4.983 Loading class jdk/internal/foreign/MemorySessionImpl
Event: 4.984 Loading class java/lang/foreign/MemorySegment$Scope
Event: 4.984 Loading class java/lang/foreign/MemorySegment$Scope done
Event: 4.984 Loading class jdk/internal/foreign/MemorySessionImpl done
Event: 300.843 Loading class jdk/internal/misc/Signal$1
Event: 300.847 Loading class jdk/internal/misc/Signal$1 done

Classes unloaded (0 events):
No events

Classes redefined (0 events):
No events

Internal exceptions (20 events):
Event: 1.722 Thread 0x0000028b1b8d1010 Exception <a 'java/lang/NoSuchMethodError'{0x000000008b0e8130}: 'void java.lang.invoke.DelegatingMethodHandle$Holder.reinvoke_L(java.lang.Object, java.lang.Object, int)'> (0x000000008b0e8130) 
thrown [s\open\src\hotspot\share\interpreter\linkResolver.cpp, line 796]
Event: 1.722 Thread 0x0000028b1b8d1010 Exception <a 'java/lang/NoSuchMethodError'{0x000000008b0ebc10}: 'int java.lang.invoke.DirectMethodHandle$Holder.invokeSpecial(java.lang.Object, java.lang.Object, java.lang.Object)'> (0x000000008b0ebc10) 
thrown [s\open\src\hotspot\share\interpreter\linkResolver.cpp, line 796]
Event: 1.879 Thread 0x0000028b1b8d1010 Exception <a 'java/lang/NoSuchMethodError'{0x000000008a9dda20}: 'void java.lang.invoke.DirectMethodHandle$Holder.invokeStaticInit(java.lang.Object, java.lang.Object)'> (0x000000008a9dda20) 
thrown [s\open\src\hotspot\share\interpreter\linkResolver.cpp, line 796]
Event: 1.943 Thread 0x0000028b1b8d1010 Exception <a 'java/lang/NoSuchMethodError'{0x000000008a6ec290}: 'void java.lang.invoke.Invokers$Holder.invokeExact_MT(java.lang.Object, java.lang.Object, java.lang.Object, java.lang.Object)'> (0x000000008a6ec290) 
thrown [s\open\src\hotspot\share\interpreter\linkResolver.cpp, line 796]
Event: 1.951 Thread 0x0000028b1b8d1010 Exception <a 'java/io/FileNotFoundException'{0x000000008a5055f8}> (0x000000008a5055f8) 
thrown [s\open\src\hotspot\share\prims\jni.cpp, line 520]
Event: 1.958 Thread 0x0000028b1b8d1010 Exception <a 'java/lang/NoSuchMethodError'{0x000000008a53ae68}: 'void java.lang.invoke.DirectMethodHandle$Holder.invokeSpecial(java.lang.Object, java.lang.Object, java.lang.Object, java.lang.Object, java.lang.Object, java.lang.Object)'> (0x000000008a53ae68) 
thrown [s\open\src\hotspot\share\interpreter\linkResolver.cpp, line 796]
Event: 1.970 Thread 0x0000028b1b8d1010 Exception <a 'sun/nio/fs/WindowsException'{0x000000008a5ef1e0}> (0x000000008a5ef1e0) 
thrown [s\open\src\hotspot\share\prims\jni.cpp, line 520]
Event: 1.977 Thread 0x0000028b1b8d1010 Implicit null exception at 0x0000028ac852ce99 to 0x0000028ac852d1d0
Event: 2.014 Thread 0x0000028b1b8d1010 Implicit null exception at 0x0000028ac85b770a to 0x0000028ac85b7918
Event: 2.129 Thread 0x0000028b1b8d1010 Exception <a 'java/lang/IncompatibleClassChangeError'{0x0000000089de6480}: Found class java.lang.Object, but interface was expected> (0x0000000089de6480) 
thrown [s\open\src\hotspot\share\interpreter\linkResolver.cpp, line 863]
Event: 2.162 Thread 0x0000028b1b8d1010 Exception <a 'java/lang/NoSuchMethodError'{0x0000000089a2ee38}: 'int java.lang.invoke.DirectMethodHandle$Holder.invokeSpecial(java.lang.Object, java.lang.Object, int)'> (0x0000000089a2ee38) 
thrown [s\open\src\hotspot\share\interpreter\linkResolver.cpp, line 796]
Event: 2.173 Thread 0x0000028b1b8d1010 Exception <a 'java/lang/NoSuchMethodError'{0x0000000089a9ce18}: 'java.lang.Object java.lang.invoke.DirectMethodHandle$Holder.newInvokeSpecial(java.lang.Object, java.lang.Object, int)'> (0x0000000089a9ce18) 
thrown [s\open\src\hotspot\share\interpreter\linkResolver.cpp, line 796]
Event: 2.282 Thread 0x0000028b1b8efe20 Exception <a 'java/lang/NoSuchMethodError'{0x00000000891768a0}: 'int java.lang.invoke.DirectMethodHandle$Holder.invokeStaticInit(java.lang.Object, java.lang.Object)'> (0x00000000891768a0) 
thrown [s\open\src\hotspot\share\interpreter\linkResolver.cpp, line 796]
Event: 2.291 Thread 0x0000028b1b8d1010 Exception <a 'java/lang/NoSuchMethodError'{0x0000000089132940}: 'long java.lang.invoke.DirectMethodHandle$Holder.invokeStatic(java.lang.Object, java.lang.Object, java.lang.Object)'> (0x0000000089132940) 
thrown [s\open\src\hotspot\share\interpreter\linkResolver.cpp, line 796]
Event: 2.292 Thread 0x0000028b1b8d1010 Exception <a 'java/lang/NoSuchMethodError'{0x0000000089135d58}: 'long java.lang.invoke.DirectMethodHandle$Holder.invokeStaticInit(java.lang.Object, java.lang.Object, java.lang.Object)'> (0x0000000089135d58) 
thrown [s\open\src\hotspot\share\interpreter\linkResolver.cpp, line 796]
Event: 2.296 Thread 0x0000028b1b8d1010 Exception <a 'java/lang/NoSuchMethodError'{0x000000008914aa80}: 'java.lang.Object java.lang.invoke.DirectMethodHandle$Holder.newInvokeSpecial(java.lang.Object, java.lang.Object, long)'> (0x000000008914aa80) 
thrown [s\open\src\hotspot\share\interpreter\linkResolver.cpp, line 796]
Event: 2.297 Thread 0x0000028b1b8d1010 Exception <a 'java/lang/NoSuchMethodError'{0x000000008914e3d0}: 'java.lang.Object java.lang.invoke.Invokers$Holder.linkToTargetMethod(java.lang.Object, long, java.lang.Object)'> (0x000000008914e3d0) 
thrown [s\open\src\hotspot\share\interpreter\linkResolver.cpp, line 796]
Event: 4.816 Thread 0x0000028b1b8d1010 Exception <a 'java/lang/ClassNotFoundException'{0x00000000889a1620}: com/sun/javafx/scene/control/skin/resources/controls> (0x00000000889a1620) 
thrown [s\open\src\hotspot\share\prims\jni.cpp, line 539]
Event: 4.817 Thread 0x0000028b1b8d1010 Exception <a 'java/lang/ClassNotFoundException'{0x00000000889afad8}: com/sun/javafx/scene/control/skin/resources/controls_en> (0x00000000889afad8) 
thrown [s\open\src\hotspot\share\prims\jni.cpp, line 539]
Event: 4.817 Thread 0x0000028b1b8d1010 Exception <a 'java/lang/ClassNotFoundException'{0x00000000889b0d38}: com/sun/javafx/scene/control/skin/resources/controls_en_CA> (0x00000000889b0d38) 
thrown [s\open\src\hotspot\share\prims\jni.cpp, line 539]

VM Operations (20 events):
Event: 1.066 Executing VM operation: G1CollectForAllocation (G1 Evacuation Pause) done
Event: 1.587 Executing VM operation: HandshakeAllThreads (Deoptimize)
Event: 1.587 Executing VM operation: HandshakeAllThreads (Deoptimize) done
Event: 1.587 Executing VM operation: HandshakeAllThreads (Deoptimize)
Event: 1.587 Executing VM operation: HandshakeAllThreads (Deoptimize) done
Event: 1.646 Executing VM operation: G1CollectForAllocation (G1 Evacuation Pause)
Event: 1.653 Executing VM operation: G1CollectForAllocation (G1 Evacuation Pause) done
Event: 1.778 Executing VM operation: HandshakeAllThreads (Deoptimize)
Event: 1.778 Executing VM operation: HandshakeAllThreads (Deoptimize) done
Event: 2.092 Executing VM operation: HandshakeAllThreads (Deoptimize)
Event: 2.092 Executing VM operation: HandshakeAllThreads (Deoptimize) done
Event: 11.538 Executing VM operation: HandshakeAllThreads (Deoptimize)
Event: 11.538 Executing VM operation: HandshakeAllThreads (Deoptimize) done
Event: 60.185 Executing VM operation: HandshakeAllThreads (HandshakeForDeflation)
Event: 60.185 Executing VM operation: HandshakeAllThreads (HandshakeForDeflation) done
Event: 60.185 Executing VM operation: RendezvousGCThreads
Event: 60.185 Executing VM operation: RendezvousGCThreads done
Event: 300.878 Executing VM operation: G1CollectForAllocation (G1 Evacuation Pause)
Event: 300.952 Executing VM operation: G1CollectForAllocation (G1 Evacuation Pause) done
Event: 300.987 Executing VM operation: Exit

Memory protections (0 events):
No events

Nmethod flushes (0 events):
No events

Events (20 events):
Event: 1.005 Thread 0x0000028ab60f82b0 Thread added: 0x0000028b1b8d1010
Event: 1.133 Thread 0x0000028b1bb8daf0 Thread added: 0x0000028b1bb8daf0
Event: 1.163 Thread 0x0000028ab60f82b0 Thread added: 0x0000028ad50a6340
Event: 1.217 Thread 0x0000028ad50ab320 Thread added: 0x0000028b1baedb60
Event: 1.256 Thread 0x0000028ad50ab320 Thread added: 0x0000028b1bc466f0
Event: 2.095 Thread 0x0000028b1bc466f0 Thread exited: 0x0000028b1bc466f0
Event: 2.126 Thread 0x0000028b1b8d1010 Thread added: 0x0000028b21422f40
Event: 2.320 Thread 0x0000028b1b8efe20 Thread added: 0x0000028b214235d0
Event: 2.516 Thread 0x0000028b1baedb60 Thread exited: 0x0000028b1baedb60
Event: 4.899 Thread 0x0000028ad50ab320 Thread added: 0x0000028b215de8d0
Event: 5.184 Thread 0x0000028b215de8d0 Thread exited: 0x0000028b215de8d0
Event: 24.894 Thread 0x0000028ad50ab320 Thread added: 0x0000028ad5547aa0
Event: 29.976 Thread 0x0000028ad5547aa0 Thread exited: 0x0000028ad5547aa0
Event: 300.852 Thread 0x0000028ad506bfc0 Thread added: 0x0000028b21421500
Event: 300.875 Thread 0x0000028b21421500 Thread added: 0x0000028b21420e70
Event: 300.875 Thread 0x0000028b21421500 Thread added: 0x0000028b21422220
Event: 300.954 Thread 0x0000028b21420e70 Thread exited: 0x0000028b21420e70
Event: 300.983 Thread 0x0000028b21422220 Thread exited: 0x0000028b21422220
Event: 300.983 Thread 0x0000028b21421500 Before exit entered
Event: 300.986 Thread 0x0000028ad506bfc0 Thread exited: 0x0000028ad506bfc0


Dynamic libraries:
0x00007ff6e2ca0000 - 0x00007ff6e2cae000 	C:\Users\pc\.jdks\openjdk-23\bin\java.exe
0x00007ffbe4350000 - 0x00007ffbe4567000 	C:\WINDOWS\SYSTEM32\ntdll.dll
0x00007ffbe23e0000 - 0x00007ffbe24a4000 	C:\WINDOWS\System32\KERNEL32.DLL
0x00007ffbe1b40000 - 0x00007ffbe1eed000 	C:\WINDOWS\System32\KERNELBASE.dll
0x00007ffbe16b0000 - 0x00007ffbe17c1000 	C:\WINDOWS\System32\ucrtbase.dll
0x00007ffbc9c60000 - 0x00007ffbc9c77000 	C:\Users\pc\.jdks\openjdk-23\bin\jli.dll
0x00007ffbe2690000 - 0x00007ffbe283e000 	C:\WINDOWS\System32\USER32.dll
0x00007ffbe1680000 - 0x00007ffbe16a6000 	C:\WINDOWS\System32\win32u.dll
0x00007ffbc2580000 - 0x00007ffbc2813000 	C:\WINDOWS\WinSxS\amd64_microsoft.windows.common-controls_6595b64144ccf1df_6.0.22621.3672_none_2713b9d173822955\COMCTL32.dll
0x00007ffbe3850000 - 0x00007ffbe3879000 	C:\WINDOWS\System32\GDI32.dll
0x00007ffbe3cd0000 - 0x00007ffbe3d77000 	C:\WINDOWS\System32\msvcrt.dll
0x00007ffbc9c40000 - 0x00007ffbc9c5b000 	C:\Users\pc\.jdks\openjdk-23\bin\VCRUNTIME140.dll
0x00007ffbe1a20000 - 0x00007ffbe1b39000 	C:\WINDOWS\System32\gdi32full.dll
0x00007ffbe1900000 - 0x00007ffbe199a000 	C:\WINDOWS\System32\msvcp_win.dll
0x00007ffbe2e20000 - 0x00007ffbe2e51000 	C:\WINDOWS\System32\IMM32.DLL
0x00007ffbd7640000 - 0x00007ffbd764c000 	C:\Users\pc\.jdks\openjdk-23\bin\vcruntime140_1.dll
0x00007ffbc0570000 - 0x00007ffbc05fe000 	C:\Users\pc\.jdks\openjdk-23\bin\msvcp140.dll
0x00007ffb48d20000 - 0x00007ffb49a6f000 	C:\Users\pc\.jdks\openjdk-23\bin\server\jvm.dll
0x00007ffbe2210000 - 0x00007ffbe22c2000 	C:\WINDOWS\System32\ADVAPI32.dll
0x00007ffbe3c20000 - 0x00007ffbe3cc9000 	C:\WINDOWS\System32\sechost.dll
0x00007ffbe1ef0000 - 0x00007ffbe1f18000 	C:\WINDOWS\System32\bcrypt.dll
0x00007ffbe20f0000 - 0x00007ffbe2204000 	C:\WINDOWS\System32\RPCRT4.dll
0x00007ffbe2f60000 - 0x00007ffbe2fd1000 	C:\WINDOWS\System32\WS2_32.dll
0x00007ffbe0cc0000 - 0x00007ffbe0d0d000 	C:\WINDOWS\SYSTEM32\POWRPROF.dll
0x00007ffbd7590000 - 0x00007ffbd75c4000 	C:\WINDOWS\SYSTEM32\WINMM.dll
0x00007ffbd71f0000 - 0x00007ffbd71fa000 	C:\WINDOWS\SYSTEM32\VERSION.dll
0x00007ffbe0ca0000 - 0x00007ffbe0cb3000 	C:\WINDOWS\SYSTEM32\UMPDC.dll
0x00007ffbe06b0000 - 0x00007ffbe06c8000 	C:\WINDOWS\SYSTEM32\kernel.appcore.dll
0x00007ffbd1160000 - 0x00007ffbd116a000 	C:\Users\pc\.jdks\openjdk-23\bin\jimage.dll
0x00007ffbdf030000 - 0x00007ffbdf262000 	C:\WINDOWS\SYSTEM32\DBGHELP.DLL
0x00007ffbe3890000 - 0x00007ffbe3c18000 	C:\WINDOWS\System32\combase.dll
0x00007ffbe3f90000 - 0x00007ffbe4067000 	C:\WINDOWS\System32\OLEAUT32.dll
0x00007ffbd5f90000 - 0x00007ffbd5fc2000 	C:\WINDOWS\SYSTEM32\dbgcore.DLL
0x00007ffbe19a0000 - 0x00007ffbe1a1b000 	C:\WINDOWS\System32\bcryptPrimitives.dll
0x00007ffbc9b00000 - 0x00007ffbc9b0f000 	C:\Users\pc\.jdks\openjdk-23\bin\instrument.dll
0x00007ffbc9c20000 - 0x00007ffbc9c3e000 	C:\Users\pc\.jdks\openjdk-23\bin\java.dll
0x00007ffbe4160000 - 0x00007ffbe4305000 	C:\WINDOWS\System32\ole32.dll
0x00007ffbe2ff0000 - 0x00007ffbe384f000 	C:\WINDOWS\System32\SHELL32.dll
0x00007ffbdf5d0000 - 0x00007ffbdfecc000 	C:\WINDOWS\SYSTEM32\windows.storage.dll
0x00007ffbdf490000 - 0x00007ffbdf5cf000 	C:\WINDOWS\SYSTEM32\wintypes.dll
0x00007ffbe2e60000 - 0x00007ffbe2f54000 	C:\WINDOWS\System32\SHCORE.dll
0x00007ffbe2580000 - 0x00007ffbe25de000 	C:\WINDOWS\System32\shlwapi.dll
0x00007ffbe15b0000 - 0x00007ffbe15d1000 	C:\WINDOWS\SYSTEM32\profapi.dll
0x00007ffba3330000 - 0x00007ffba3407000 	C:\Users\pc\.jdks\openjdk-23\bin\jsvml.dll
0x00007ffbc9bf0000 - 0x00007ffbc9c00000 	C:\Users\pc\.jdks\openjdk-23\bin\net.dll
0x00007ffbe0b90000 - 0x00007ffbe0bf9000 	C:\WINDOWS\system32\mswsock.dll
0x00007ffbc9b10000 - 0x00007ffbc9b26000 	C:\Users\pc\.jdks\openjdk-23\bin\nio.dll
0x00007ffbc1860000 - 0x00007ffbc1877000 	C:\Users\pc\.jdks\openjdk-23\bin\zip.dll
0x00007ffbadb30000 - 0x00007ffbadb4a000 	C:\Program Files\JetBrains\IntelliJ IDEA 2024.2.3\bin\breakgen64.dll
0x0000028ab82a0000 - 0x0000028ab82a3000 	C:\Users\pc\.openjfx\cache\23+29\amd64\api-ms-win-core-console-l1-1-0.dll
0x0000028ab82b0000 - 0x0000028ab82b3000 	C:\Users\pc\.openjfx\cache\23+29\amd64\api-ms-win-core-console-l1-2-0.dll
0x0000028ab82c0000 - 0x0000028ab82c3000 	C:\Users\pc\.openjfx\cache\23+29\amd64\api-ms-win-core-datetime-l1-1-0.dll
0x0000028ab82d0000 - 0x0000028ab82d3000 	C:\Users\pc\.openjfx\cache\23+29\amd64\api-ms-win-core-debug-l1-1-0.dll
0x0000028ad5df0000 - 0x0000028ad5df3000 	C:\Users\pc\.openjfx\cache\23+29\amd64\api-ms-win-core-errorhandling-l1-1-0.dll
0x0000028ad5e00000 - 0x0000028ad5e04000 	C:\Users\pc\.openjfx\cache\23+29\amd64\api-ms-win-core-file-l1-1-0.dll
0x0000028ad5e10000 - 0x0000028ad5e13000 	C:\Users\pc\.openjfx\cache\23+29\amd64\api-ms-win-core-file-l1-2-0.dll
0x0000028ad5cc0000 - 0x0000028ad5cc3000 	C:\Users\pc\.openjfx\cache\23+29\amd64\api-ms-win-core-file-l2-1-0.dll
0x0000028ad5cd0000 - 0x0000028ad5cd3000 	C:\Users\pc\.openjfx\cache\23+29\amd64\api-ms-win-core-handle-l1-1-0.dll
0x0000028ad5ce0000 - 0x0000028ad5ce3000 	C:\Users\pc\.openjfx\cache\23+29\amd64\api-ms-win-core-heap-l1-1-0.dll
0x0000028ad5cf0000 - 0x0000028ad5cf3000 	C:\Users\pc\.openjfx\cache\23+29\amd64\api-ms-win-core-interlocked-l1-1-0.dll
0x0000028ad5d00000 - 0x0000028ad5d03000 	C:\Users\pc\.openjfx\cache\23+29\amd64\api-ms-win-core-libraryloader-l1-1-0.dll
0x0000028ad5d10000 - 0x0000028ad5d13000 	C:\Users\pc\.openjfx\cache\23+29\amd64\api-ms-win-core-localization-l1-2-0.dll
0x0000028ad5d20000 - 0x0000028ad5d23000 	C:\Users\pc\.openjfx\cache\23+29\amd64\api-ms-win-core-memory-l1-1-0.dll
0x0000028ad5d30000 - 0x0000028ad5d33000 	C:\Users\pc\.openjfx\cache\23+29\amd64\api-ms-win-core-namedpipe-l1-1-0.dll
0x0000028ad5d40000 - 0x0000028ad5d43000 	C:\Users\pc\.openjfx\cache\23+29\amd64\api-ms-win-core-processenvironment-l1-1-0.dll
0x0000028ad5d50000 - 0x0000028ad5d53000 	C:\Users\pc\.openjfx\cache\23+29\amd64\api-ms-win-core-processthreads-l1-1-0.dll
0x0000028ad5d60000 - 0x0000028ad5d63000 	C:\Users\pc\.openjfx\cache\23+29\amd64\api-ms-win-core-processthreads-l1-1-1.dll
0x0000028ad5d70000 - 0x0000028ad5d73000 	C:\Users\pc\.openjfx\cache\23+29\amd64\api-ms-win-core-profile-l1-1-0.dll
0x0000028ad5d80000 - 0x0000028ad5d83000 	C:\Users\pc\.openjfx\cache\23+29\amd64\api-ms-win-core-rtlsupport-l1-1-0.dll
0x0000028ad5d90000 - 0x0000028ad5d93000 	C:\Users\pc\.openjfx\cache\23+29\amd64\api-ms-win-core-string-l1-1-0.dll
0x0000028ad5da0000 - 0x0000028ad5da3000 	C:\Users\pc\.openjfx\cache\23+29\amd64\api-ms-win-core-synch-l1-1-0.dll
0x0000028ad5db0000 - 0x0000028ad5db3000 	C:\Users\pc\.openjfx\cache\23+29\amd64\api-ms-win-core-synch-l1-2-0.dll
0x0000028ad5dc0000 - 0x0000028ad5dc3000 	C:\Users\pc\.openjfx\cache\23+29\amd64\api-ms-win-core-sysinfo-l1-1-0.dll
0x0000028ad5dd0000 - 0x0000028ad5dd3000 	C:\Users\pc\.openjfx\cache\23+29\amd64\api-ms-win-core-timezone-l1-1-0.dll
0x0000028ad5de0000 - 0x0000028ad5de3000 	C:\Users\pc\.openjfx\cache\23+29\amd64\api-ms-win-core-util-l1-1-0.dll
0x0000028ad5e20000 - 0x0000028ad5e23000 	C:\Users\pc\.openjfx\cache\23+29\amd64\api-ms-win-crt-conio-l1-1-0.dll
0x0000028ad5e30000 - 0x0000028ad5e34000 	C:\Users\pc\.openjfx\cache\23+29\amd64\api-ms-win-crt-convert-l1-1-0.dll
0x0000028ad5e40000 - 0x0000028ad5e43000 	C:\Users\pc\.openjfx\cache\23+29\amd64\api-ms-win-crt-environment-l1-1-0.dll
0x0000028ad5e50000 - 0x0000028ad5e53000 	C:\Users\pc\.openjfx\cache\23+29\amd64\api-ms-win-crt-filesystem-l1-1-0.dll
0x0000028ad5e60000 - 0x0000028ad5e63000 	C:\Users\pc\.openjfx\cache\23+29\amd64\api-ms-win-crt-heap-l1-1-0.dll
0x0000028ad5e70000 - 0x0000028ad5e73000 	C:\Users\pc\.openjfx\cache\23+29\amd64\api-ms-win-crt-locale-l1-1-0.dll
0x0000028ad5e80000 - 0x0000028ad5e85000 	C:\Users\pc\.openjfx\cache\23+29\amd64\api-ms-win-crt-math-l1-1-0.dll
0x0000028ad5e90000 - 0x0000028ad5e95000 	C:\Users\pc\.openjfx\cache\23+29\amd64\api-ms-win-crt-multibyte-l1-1-0.dll
0x0000028ad5ea0000 - 0x0000028ad5eb0000 	C:\Users\pc\.openjfx\cache\23+29\amd64\api-ms-win-crt-private-l1-1-0.dll
0x0000028ad5eb0000 - 0x0000028ad5eb3000 	C:\Users\pc\.openjfx\cache\23+29\amd64\api-ms-win-crt-process-l1-1-0.dll
0x0000028ad5ec0000 - 0x0000028ad5ec4000 	C:\Users\pc\.openjfx\cache\23+29\amd64\api-ms-win-crt-runtime-l1-1-0.dll
0x0000028ad5ed0000 - 0x0000028ad5ed4000 	C:\Users\pc\.openjfx\cache\23+29\amd64\api-ms-win-crt-stdio-l1-1-0.dll
0x0000028ad5ee0000 - 0x0000028ad5ee4000 	C:\Users\pc\.openjfx\cache\23+29\amd64\api-ms-win-crt-string-l1-1-0.dll
0x0000028ad5ef0000 - 0x0000028ad5ef3000 	C:\Users\pc\.openjfx\cache\23+29\amd64\api-ms-win-crt-time-l1-1-0.dll
0x0000028ad5f00000 - 0x0000028ad5f03000 	C:\Users\pc\.openjfx\cache\23+29\amd64\api-ms-win-crt-utility-l1-1-0.dll
0x00007ffb3e090000 - 0x00007ffb3e18c000 	C:\Users\pc\.openjfx\cache\23+29\amd64\ucrtbase.dll
0x00007ffb9a200000 - 0x00007ffb9a21b000 	C:\Users\pc\.openjfx\cache\23+29\amd64\vcruntime140.dll
0x00007ffbb0ca0000 - 0x00007ffbb0cac000 	C:\Users\pc\.openjfx\cache\23+29\amd64\vcruntime140_1.dll
0x00007ffb471c0000 - 0x00007ffb4724e000 	C:\Users\pc\.openjfx\cache\23+29\amd64\msvcp140.dll
0x00007ffbb0b20000 - 0x00007ffbb0b29000 	C:\Users\pc\.openjfx\cache\23+29\amd64\msvcp140_1.dll
0x00007ffb8cdf0000 - 0x00007ffb8ce31000 	C:\Users\pc\.openjfx\cache\23+29\amd64\msvcp140_2.dll
0x00007ffb8acf0000 - 0x00007ffb8ad20000 	C:\Users\pc\.openjfx\cache\23+29\amd64\prism_d3d.dll
0x00007ffb8cb80000 - 0x00007ffb8cd28000 	C:\WINDOWS\system32\d3d9.dll
0x00007ffbde800000 - 0x00007ffbde82b000 	C:\WINDOWS\SYSTEM32\dwmapi.dll
0x00007ffbde5c0000 - 0x00007ffbde5f9000 	C:\WINDOWS\SYSTEM32\dxcore.dll
0x00007ffbde3e0000 - 0x00007ffbde48f000 	C:\WINDOWS\system32\uxtheme.dll
0x00007ffb8c9d0000 - 0x00007ffb8cb78000 	C:\WINDOWS\System32\DriverStore\FileRepository\iigd_dch.inf_amd64_38b23bd92a6775fe\igdumdim64.dll
0x00007ffb60120000 - 0x00007ffb63d3f000 	C:\WINDOWS\System32\DriverStore\FileRepository\iigd_dch.inf_amd64_38b23bd92a6775fe\igd9dxva64.dll
0x00007ffbe29a0000 - 0x00007ffbe2e14000 	C:\WINDOWS\System32\SETUPAPI.dll
0x00007ffbe1380000 - 0x00007ffbe13ce000 	C:\WINDOWS\SYSTEM32\cfgmgr32.dll
0x00007ffbd3830000 - 0x00007ffbd3bf8000 	C:\WINDOWS\System32\DriverStore\FileRepository\iigd_dch.inf_amd64_38b23bd92a6775fe\igdgmm64.dll
0x00007ffbd9690000 - 0x00007ffbd96d9000 	C:\WINDOWS\SYSTEM32\directxdatabasehelper.dll
0x00007ffb4e0b0000 - 0x00007ffb4e0f5000 	C:\Users\pc\.openjfx\cache\23+29\amd64\glass.dll
0x00007ffbe22d0000 - 0x00007ffbe23c8000 	C:\WINDOWS\System32\COMDLG32.dll
0x00007ffbe2840000 - 0x00007ffbe2993000 	C:\WINDOWS\System32\MSCTF.dll
0x00007ffb8aec0000 - 0x00007ffb8aee7000 	C:\WINDOWS\System32\DriverStore\FileRepository\iigd_dch.inf_amd64_38b23bd92a6775fe\igdinfo64.dll
0x00007ffbccc00000 - 0x00007ffbd01e6000 	C:\WINDOWS\System32\DriverStore\FileRepository\iigd_dch.inf_amd64_38b23bd92a6775fe\igc64.dll
0x00007ffbe25e0000 - 0x00007ffbe2690000 	C:\WINDOWS\System32\clbcatq.dll
0x00007ffbd0d90000 - 0x00007ffbd0f05000 	C:\Windows\System32\Windows.UI.dll
0x00007ffbd0bc0000 - 0x00007ffbd0d35000 	C:\Windows\System32\Windows.UI.Immersive.dll
0x00007ffb8acd0000 - 0x00007ffb8ace5000 	C:\Users\pc\.openjfx\cache\23+29\amd64\javafx_font.dll
0x00007ffbda5e0000 - 0x00007ffbda853000 	C:\WINDOWS\SYSTEM32\dwrite.dll
0x00007ffbdbc60000 - 0x00007ffbdbe11000 	C:\WINDOWS\SYSTEM32\WindowsCodecs.dll
0x00007ffbad4c0000 - 0x00007ffbad51e000 	C:\WINDOWS\system32\dataexchange.dll
0x00007ffbd6b40000 - 0x00007ffbd6dca000 	C:\WINDOWS\system32\twinapi.appcore.dll
0x00007ffbb8220000 - 0x00007ffbb8252000 	C:\Program Files\Common Files\Microsoft Shared\Ink\rtscom.dll
0x00007ffbd2d50000 - 0x00007ffbd2e9e000 	C:\WINDOWS\SYSTEM32\textinputframework.dll
0x00007ffbdb760000 - 0x00007ffbdb893000 	C:\WINDOWS\SYSTEM32\CoreMessaging.dll
0x00007ffbd8e90000 - 0x00007ffbd91fd000 	C:\WINDOWS\SYSTEM32\CoreUIComponents.dll
0x00007ffbe0e90000 - 0x00007ffbe0e9c000 	C:\WINDOWS\SYSTEM32\CRYPTBASE.DLL
0x00007ffbab570000 - 0x00007ffbab9b4000 	C:\WINDOWS\SYSTEM32\UIAutomationCore.DLL
0x00007ffbd2890000 - 0x00007ffbd293e000 	C:\Windows\System32\OneCoreCommonProxyStub.dll
0x00007ffbe14e0000 - 0x00007ffbe1583000 	C:\WINDOWS\SYSTEM32\sxs.dll

dbghelp: loaded successfully - version: 4.0.5 - missing functions: none
symbol engine: initialized successfully - sym options: 0x614 - pdb path: .;C:\Users\pc\.jdks\openjdk-23\bin;C:\WINDOWS\SYSTEM32;C:\WINDOWS\WinSxS\amd64_microsoft.windows.common-controls_6595b64144ccf1df_6.0.22621.3672_none_2713b9d173822955;C:\Users\pc\.jdks\openjdk-23\bin\server;C:\Program Files\JetBrains\IntelliJ IDEA 2024.2.3\bin;C:\Users\pc\.openjfx\cache\23+29\amd64;C:\WINDOWS\System32\DriverStore\FileRepository\iigd_dch.inf_amd64_38b23bd92a6775fe;C:\Program Files\Common Files\Microsoft Shared\Ink

VM Arguments:
jvm_args: -javaagent:C:\Program Files\JetBrains\IntelliJ IDEA 2024.2.3\lib\idea_rt.jar=64897:C:\Program Files\JetBrains\IntelliJ IDEA 2024.2.3\bin -Dfile.encoding=UTF-8 -Dsun.stdout.encoding=UTF-8 -Dsun.stderr.encoding=UTF-8 --module-path=C:\Users\pc\.m2\repository\com\gluonhq\attach\util\4.0.17\util-4.0.17.jar;C:\Users\pc\.m2\repository\com\github\almasb\fxgl-scene\17.3\fxgl-scene-17.3.jar;C:\Users\pc\.m2\repository\eu\hansolo\tilesfx\21.0.3\tilesfx-21.0.3.jar;C:\Users\pc\.m2\repository\com\gluonhq\attach\lifecycle\4.0.17\lifecycle-4.0.17.jar;C:\Users\pc\.m2\repository\org\kordamp\ikonli\ikonli-core\12.3.1\ikonli-core-12.3.1.jar;C:\Users\pc\.m2\repository\org\kordamp\bootstrapfx\bootstrapfx-core\0.4.0\bootstrapfx-core-0.4.0.jar;C:\Users\pc\.m2\repository\eu\hansolo\fx\heatmap\21.0.3\heatmap-21.0.3.jar;C:\Users\pc\.m2\repository\org\openjfx\javafx-media\23\javafx-media-23-win.jar;C:\Users\pc\.m2\repository\org\kordamp\ikonli\ikonli-javafx\12.3.1\ikonli-javafx-12.3.1.jar;C:\Users\pc\.m2\repository\com\fasterxml\jackson\core\jackson-annotations\2.14.2\jackson-annotations-2.14.2.jar;C:\Users\pc\.m2\repository\eu\hansolo\fx\countries\21.0.3\countries-21.0.3.jar;C:\Users\pc\.m2\repository\org\openjfx\javafx-graphics\23\javafx-graphics-23-win.jar;C:\Users\pc\.m2\repository\org\openjfx\javafx-base\23\javafx-base-23-win.jar;C:\Users\pc\.m2\repository\org\openjfx\javafx-swing\23\javafx-swing-23-win.jar;C:\Users\pc\.m2\repository\com\github\almasb\fxgl\17.3\fxgl-17.3.jar;C:\Users\pc\.m2\repository\eu\hansolo\toolbox\21.0.5\toolbox-21.0.5.jar;C:\Users\pc\.m2\repository\com\github\almasb\fxgl-gameplay\17.3\fxgl-gameplay-17.3.jar;C:\Users\pc\.m2\repository\org\openjfx\javafx-fxml\23\javafx-fxml-23-win.jar;C:\Users\pc\.m2\repository\com\gluonhq\attach\audio\4.0.17\audio-4.0.17.jar;C:\Users\pc\.m2\repository\com\github\almasb\fxgl-entity\17.3\fxgl-entity-17.3.jar;C:\Users\pc\.m2\repository\org\controlsfx\controlsfx\11.2.1\controlsfx-11.2.1.jar;C:\Users\pc\.m2\repository\org\jetbrains\kotlin\kotlin-stdlib\1.8.10\kotlin-stdlib-1.8.10.jar;C:\Users\pc\.m2\repository\com\github\almasb\fxgl-io\17.3\fxgl-io-17.3.jar;C:\Users\pc\.m2\repository\com\jfoenix\jfoenix\9.0.10\jfoenix-9.0.10.jar;C:\Users\pc\.m2\rep-Djdk.module.main=com.advaned_java.com_bptn_quiz_app 
java_command: com.advaned_java.com_bptn_quiz_app/com_bptn_quiz_app.Application
java_class_path (initial): C:\Users\pc\.m2\repository\org\openjfx\javafx-controls\23\javafx-controls-23.jar;C:\Users\pc\.m2\repository\org\openjfx\javafx-graphics\23\javafx-graphics-23.jar;C:\Users\pc\.m2\repository\org\openjfx\javafx-base\23\javafx-base-23.jar;C:\Users\pc\.m2\repository\org\openjfx\javafx-fxml\23\javafx-fxml-23.jar;C:\Users\pc\.m2\repository\org\openjfx\javafx-web\23\javafx-web-23.jar;C:\Users\pc\.m2\repository\org\openjfx\javafx-swing\23\javafx-swing-23.jar;C:\Users\pc\.m2\repository\org\openjfx\javafx-media\23\javafx-media-23.jar;C:\Users\pc\.m2\repository\org\jetbrains\kotlin\kotlin-stdlib-common\1.8.10\kotlin-stdlib-common-1.8.10.jar;C:\Users\pc\.m2\repository\org\jetbrains\annotations\13.0\annotations-13.0.jar;C:\Users\pc\.m2\repository\com\google\protobuf\protobuf-java\4.26.1\protobuf-java-4.26.1.jar
Launcher Type: SUN_STANDARD

[Global flags]
     intx CICompilerCount                          = 4                                         {product} {ergonomic}
     uint ConcGCThreads                            = 2                                         {product} {ergonomic}
     uint G1ConcRefinementThreads                  = 8                                         {product} {ergonomic}
   size_t G1HeapRegionSize                         = 1048576                                   {product} {ergonomic}
   size_t InitialHeapSize                          = 132120576                                 {product} {ergonomic}
   size_t MarkStackSize                            = 4194304                                   {product} {ergonomic}
   size_t MarkStackSizeMax                         = 536870912                                 {product} {ergonomic}
   size_t MaxHeapSize                              = 2090860544                                {product} {ergonomic}
   size_t MaxNewSize                               = 1254096896                                {product} {ergonomic}
   size_t MinHeapDeltaBytes                        = 1048576                                   {product} {ergonomic}
   size_t MinHeapSize                              = 8388608                                   {product} {ergonomic}
    uintx NonNMethodCodeHeapSize                   = 5832704                                {pd product} {ergonomic}
    uintx NonProfiledCodeHeapSize                  = 122945536                              {pd product} {ergonomic}
    uintx ProfiledCodeHeapSize                     = 122880000                              {pd product} {ergonomic}
    uintx ReservedCodeCacheSize                    = 251658240                              {pd product} {ergonomic}
     bool SegmentedCodeCache                       = true                                      {product} {ergonomic}
   size_t SoftMaxHeapSize                          = 2090860544                             {manageable} {ergonomic}
     bool UseCompressedOops                        = true                           {product lp64_product} {ergonomic}
     bool UseG1GC                                  = true                                      {product} {ergonomic}
     bool UseLargePagesIndividualAllocation        = false                                  {pd product} {ergonomic}

Logging:
Log output configuration:
 #0: stdout all=off uptime,level,tags foldmultilines=false
 #1: stderr all=off uptime,level,tags foldmultilines=false

Environment Variables:
PATH=C:\Program Files\Common Files\Oracle\Java\javapath;C:\Python312\Scripts\;C:\Python312\;C:\WINDOWS\system32;C:\WINDOWS;C:\WINDOWS\System32\Wbem;C:\WINDOWS\System32\WindowsPowerShell\v1.0\;C:\WINDOWS\System32\OpenSSH\;C:\Program Files\Git\cmd;C:\Program Files\nodejs\;C:\ProgramData\chocolatey\bin;C:\Users\pc\AppData\Local\Microsoft\WindowsApps;C:\Users\pc\AppData\Local\Microsoft\WinGet\Packages\Schniz.fnm_Microsoft.Winget.Source_8wekyb3d8bbwe;C:\Users\pc\AppData\Roaming\npm;C:\Program Files\JetBrains\IntelliJ IDEA 2024.2.3\bin;
USERNAME=pc
OS=Windows_NT
PROCESSOR_IDENTIFIER=Intel64 Family 6 Model 140 Stepping 1, GenuineIntel
TMP=C:\Users\pc\AppData\Local\Temp
TEMP=C:\Users\pc\AppData\Local\Temp




Periodic native trim disabled

---------------  S Y S T E M  ---------------

OS:
 Windows 11 , 64 bit Build 22621 (10.0.22621.3672)
OS uptime: 2 days 15:27 hours

CPU: total 8 (initial active 8) (4 cores per cpu, 2 threads per core) family 6 model 140 stepping 1 microcode 0x8a, cx8, cmov, fxsr, ht, mmx, 3dnowpref, sse, sse2, sse3, ssse3, sse4.1, sse4.2, popcnt, lzcnt, tsc, tscinvbit, avx, avx2, aes, erms, clmul, bmi1, bmi2, adx, avx512f, avx512dq, avx512cd, avx512bw, avx512vl, sha, fma, vzeroupper, avx512_vpopcntdq, avx512_vpclmulqdq, avx512_vaes, avx512_vnni, clflush, clflushopt, clwb, avx512_vbmi2, avx512_vbmi, rdtscp, rdpid, fsrm, gfni, avx512_bitalg, f16c, pku, cet_ibt, cet_ss, avx512_ifma
Processor Information for the first 8 processors :
  Max Mhz: 2419, Current Mhz: 2419, Mhz Limit: 2419

Memory: 4k page, system-wide physical 7971M (757M free)
TotalPageFile size 21637M (AvailPageFile size 3696M)
current process WorkingSet (physical memory assigned to process): 71M, peak: 220M
current process commit charge ("private bytes"): 312M, peak: 323M

vm_info: OpenJDK 64-Bit Server VM (23+37-2369) for windows-amd64 JRE (23+37-2369), built on 2024-08-20T16:01:23Z with MS VC++ 17.6 (VS2022)

END.
